[0.455s] DEBUG:colcon:Command line arguments: ['/usr/bin/colcon', 'build']
[0.455s] DEBUG:colcon:Parsed command line arguments: Namespace(log_base=None, log_level=None, verb_name='build', build_base='build', install_base='install', merge_install=False, symlink_install=False, test_result_base=None, continue_on_error=False, executor='parallel', parallel_workers=4, event_handlers=None, ignore_user_meta=False, metas=['./colcon.meta'], base_paths=['.'], packages_ignore=None, packages_ignore_regex=None, paths=None, packages_up_to=None, packages_up_to_regex=None, packages_above=None, packages_above_and_dependencies=None, packages_above_depth=None, packages_select_by_dep=None, packages_skip_by_dep=None, packages_skip_up_to=None, packages_select_build_failed=False, packages_skip_build_finished=False, packages_select_test_failures=False, packages_skip_test_passed=False, packages_select=None, packages_skip=None, packages_select_regex=None, packages_skip_regex=None, packages_start=None, packages_end=None, allow_overriding=[], cmake_args=None, cmake_target=None, cmake_target_skip_unavailable=False, cmake_clean_cache=False, cmake_clean_first=False, cmake_force_configure=False, ament_cmake_args=None, catkin_cmake_args=None, catkin_skip_building_tests=False, mixin_files=None, mixin=None, verb_parser=<colcon_mixin.mixin.mixin_argument.MixinArgumentDecorator object at 0xffffb2d05f90>, verb_extension=<colcon_core.verb.build.BuildVerb object at 0xffffb2e4a590>, main=<bound method BuildVerb.main of <colcon_core.verb.build.BuildVerb object at 0xffffb2e4a590>>, mixin_verb=('build',))
[1.255s] Level 1:colcon.colcon_core.package_discovery:discover_packages(colcon_meta) check parameters
[1.255s] Level 1:colcon.colcon_core.package_discovery:discover_packages(recursive) check parameters
[1.255s] Level 1:colcon.colcon_core.package_discovery:discover_packages(ignore) check parameters
[1.256s] Level 1:colcon.colcon_core.package_discovery:discover_packages(path) check parameters
[1.256s] Level 1:colcon.colcon_core.package_discovery:discover_packages(colcon_meta) discover
[1.256s] Level 1:colcon.colcon_core.package_discovery:discover_packages(recursive) discover
[1.256s] INFO:colcon.colcon_core.package_discovery:Crawling recursively for packages in '/home/theo/Capstone_communication'
[1.257s] Level 1:colcon.colcon_core.package_identification:_identify(.) by extensions ['ignore', 'ignore_ament_install']
[1.257s] Level 1:colcon.colcon_core.package_identification:_identify(.) by extension 'ignore'
[1.257s] Level 1:colcon.colcon_core.package_identification:_identify(.) by extension 'ignore_ament_install'
[1.257s] Level 1:colcon.colcon_core.package_identification:_identify(.) by extensions ['colcon_pkg']
[1.258s] Level 1:colcon.colcon_core.package_identification:_identify(.) by extension 'colcon_pkg'
[1.258s] Level 1:colcon.colcon_core.package_identification:_identify(.) by extensions ['colcon_meta']
[1.258s] Level 1:colcon.colcon_core.package_identification:_identify(.) by extension 'colcon_meta'
[1.258s] Level 1:colcon.colcon_core.package_identification:_identify(.) by extensions ['ros']
[1.258s] Level 1:colcon.colcon_core.package_identification:_identify(.) by extension 'ros'
[1.304s] Level 1:colcon.colcon_core.package_identification:_identify(.) by extensions ['cmake', 'python']
[1.304s] Level 1:colcon.colcon_core.package_identification:_identify(.) by extension 'cmake'
[1.304s] Level 1:colcon.colcon_core.package_identification:_identify(.) by extension 'python'
[1.304s] Level 1:colcon.colcon_core.package_identification:_identify(.) by extensions ['python_setup_py']
[1.305s] Level 1:colcon.colcon_core.package_identification:_identify(.) by extension 'python_setup_py'
[1.305s] Level 1:colcon.colcon_core.package_identification:_identify(build) by extensions ['ignore', 'ignore_ament_install']
[1.305s] Level 1:colcon.colcon_core.package_identification:_identify(build) by extension 'ignore'
[1.306s] Level 1:colcon.colcon_core.package_identification:_identify(build) ignored
[1.306s] Level 1:colcon.colcon_core.package_identification:_identify(install) by extensions ['ignore', 'ignore_ament_install']
[1.307s] Level 1:colcon.colcon_core.package_identification:_identify(install) by extension 'ignore'
[1.307s] Level 1:colcon.colcon_core.package_identification:_identify(install) ignored
[1.308s] Level 1:colcon.colcon_core.package_identification:_identify(log) by extensions ['ignore', 'ignore_ament_install']
[1.308s] Level 1:colcon.colcon_core.package_identification:_identify(log) by extension 'ignore'
[1.308s] Level 1:colcon.colcon_core.package_identification:_identify(log) ignored
[1.309s] Level 1:colcon.colcon_core.package_identification:_identify(src) by extensions ['ignore', 'ignore_ament_install']
[1.309s] Level 1:colcon.colcon_core.package_identification:_identify(src) by extension 'ignore'
[1.309s] Level 1:colcon.colcon_core.package_identification:_identify(src) by extension 'ignore_ament_install'
[1.310s] Level 1:colcon.colcon_core.package_identification:_identify(src) by extensions ['colcon_pkg']
[1.310s] Level 1:colcon.colcon_core.package_identification:_identify(src) by extension 'colcon_pkg'
[1.310s] Level 1:colcon.colcon_core.package_identification:_identify(src) by extensions ['colcon_meta']
[1.310s] Level 1:colcon.colcon_core.package_identification:_identify(src) by extension 'colcon_meta'
[1.310s] Level 1:colcon.colcon_core.package_identification:_identify(src) by extensions ['ros']
[1.310s] Level 1:colcon.colcon_core.package_identification:_identify(src) by extension 'ros'
[1.311s] Level 1:colcon.colcon_core.package_identification:_identify(src) by extensions ['cmake', 'python']
[1.311s] Level 1:colcon.colcon_core.package_identification:_identify(src) by extension 'cmake'
[1.311s] Level 1:colcon.colcon_core.package_identification:_identify(src) by extension 'python'
[1.311s] Level 1:colcon.colcon_core.package_identification:_identify(src) by extensions ['python_setup_py']
[1.311s] Level 1:colcon.colcon_core.package_identification:_identify(src) by extension 'python_setup_py'
[1.312s] Level 1:colcon.colcon_core.package_identification:_identify(src/coordinate_publisher) by extensions ['ignore', 'ignore_ament_install']
[1.312s] Level 1:colcon.colcon_core.package_identification:_identify(src/coordinate_publisher) by extension 'ignore'
[1.312s] Level 1:colcon.colcon_core.package_identification:_identify(src/coordinate_publisher) by extension 'ignore_ament_install'
[1.313s] Level 1:colcon.colcon_core.package_identification:_identify(src/coordinate_publisher) by extensions ['colcon_pkg']
[1.313s] Level 1:colcon.colcon_core.package_identification:_identify(src/coordinate_publisher) by extension 'colcon_pkg'
[1.313s] Level 1:colcon.colcon_core.package_identification:_identify(src/coordinate_publisher) by extensions ['colcon_meta']
[1.313s] Level 1:colcon.colcon_core.package_identification:_identify(src/coordinate_publisher) by extension 'colcon_meta'
[1.313s] Level 1:colcon.colcon_core.package_identification:_identify(src/coordinate_publisher) by extensions ['ros']
[1.313s] Level 1:colcon.colcon_core.package_identification:_identify(src/coordinate_publisher) by extension 'ros'
[1.321s] DEBUG:colcon.colcon_core.package_identification:Package 'src/coordinate_publisher' with type 'ros.ament_python' and name 'coordinate_publisher'
[1.322s] Level 1:colcon.colcon_core.package_identification:_identify(src/mqtt_subscriber) by extensions ['ignore', 'ignore_ament_install']
[1.323s] Level 1:colcon.colcon_core.package_identification:_identify(src/mqtt_subscriber) by extension 'ignore'
[1.323s] Level 1:colcon.colcon_core.package_identification:_identify(src/mqtt_subscriber) by extension 'ignore_ament_install'
[1.323s] Level 1:colcon.colcon_core.package_identification:_identify(src/mqtt_subscriber) by extensions ['colcon_pkg']
[1.323s] Level 1:colcon.colcon_core.package_identification:_identify(src/mqtt_subscriber) by extension 'colcon_pkg'
[1.323s] Level 1:colcon.colcon_core.package_identification:_identify(src/mqtt_subscriber) by extensions ['colcon_meta']
[1.324s] Level 1:colcon.colcon_core.package_identification:_identify(src/mqtt_subscriber) by extension 'colcon_meta'
[1.324s] Level 1:colcon.colcon_core.package_identification:_identify(src/mqtt_subscriber) by extensions ['ros']
[1.324s] Level 1:colcon.colcon_core.package_identification:_identify(src/mqtt_subscriber) by extension 'ros'
[1.326s] DEBUG:colcon.colcon_core.package_identification:Package 'src/mqtt_subscriber' with type 'ros.ament_python' and name 'mqtt_subscriber'
[1.326s] Level 1:colcon.colcon_core.package_discovery:discover_packages(recursive) using defaults
[1.326s] Level 1:colcon.colcon_core.package_discovery:discover_packages(ignore) discover
[1.327s] Level 1:colcon.colcon_core.package_discovery:discover_packages(ignore) using defaults
[1.327s] Level 1:colcon.colcon_core.package_discovery:discover_packages(path) discover
[1.327s] Level 1:colcon.colcon_core.package_discovery:discover_packages(path) using defaults
[1.408s] Level 1:colcon.colcon_core.package_discovery:discover_packages(prefix_path) check parameters
[1.409s] Level 1:colcon.colcon_core.package_discovery:discover_packages(prefix_path) discover
[1.453s] DEBUG:colcon.colcon_installed_package_information.package_discovery:Found 3 installed packages in /home/theo/Capstone_communication/install
[1.456s] DEBUG:colcon.colcon_installed_package_information.package_discovery:Found 1 installed packages in /home/theo/install
[1.465s] DEBUG:colcon.colcon_installed_package_information.package_discovery:Found 270 installed packages in /opt/ros/humble
[1.472s] Level 1:colcon.colcon_core.package_discovery:discover_packages(prefix_path) using defaults
[1.635s] Level 5:colcon.colcon_core.verb:set package 'coordinate_publisher' build argument 'cmake_args' from command line to 'None'
[1.636s] Level 5:colcon.colcon_core.verb:set package 'coordinate_publisher' build argument 'cmake_target' from command line to 'None'
[1.636s] Level 5:colcon.colcon_core.verb:set package 'coordinate_publisher' build argument 'cmake_target_skip_unavailable' from command line to 'False'
[1.636s] Level 5:colcon.colcon_core.verb:set package 'coordinate_publisher' build argument 'cmake_clean_cache' from command line to 'False'
[1.636s] Level 5:colcon.colcon_core.verb:set package 'coordinate_publisher' build argument 'cmake_clean_first' from command line to 'False'
[1.636s] Level 5:colcon.colcon_core.verb:set package 'coordinate_publisher' build argument 'cmake_force_configure' from command line to 'False'
[1.636s] Level 5:colcon.colcon_core.verb:set package 'coordinate_publisher' build argument 'ament_cmake_args' from command line to 'None'
[1.636s] Level 5:colcon.colcon_core.verb:set package 'coordinate_publisher' build argument 'catkin_cmake_args' from command line to 'None'
[1.636s] Level 5:colcon.colcon_core.verb:set package 'coordinate_publisher' build argument 'catkin_skip_building_tests' from command line to 'False'
[1.637s] DEBUG:colcon.colcon_core.verb:Building package 'coordinate_publisher' with the following arguments: {'ament_cmake_args': None, 'build_base': '/home/theo/Capstone_communication/build/coordinate_publisher', 'catkin_cmake_args': None, 'catkin_skip_building_tests': False, 'cmake_args': None, 'cmake_clean_cache': False, 'cmake_clean_first': False, 'cmake_force_configure': False, 'cmake_target': None, 'cmake_target_skip_unavailable': False, 'install_base': '/home/theo/Capstone_communication/install/coordinate_publisher', 'merge_install': False, 'path': '/home/theo/Capstone_communication/src/coordinate_publisher', 'symlink_install': False, 'test_result_base': None}
[1.638s] Level 5:colcon.colcon_core.verb:set package 'mqtt_subscriber' build argument 'cmake_args' from command line to 'None'
[1.638s] Level 5:colcon.colcon_core.verb:set package 'mqtt_subscriber' build argument 'cmake_target' from command line to 'None'
[1.638s] Level 5:colcon.colcon_core.verb:set package 'mqtt_subscriber' build argument 'cmake_target_skip_unavailable' from command line to 'False'
[1.638s] Level 5:colcon.colcon_core.verb:set package 'mqtt_subscriber' build argument 'cmake_clean_cache' from command line to 'False'
[1.639s] Level 5:colcon.colcon_core.verb:set package 'mqtt_subscriber' build argument 'cmake_clean_first' from command line to 'False'
[1.639s] Level 5:colcon.colcon_core.verb:set package 'mqtt_subscriber' build argument 'cmake_force_configure' from command line to 'False'
[1.639s] Level 5:colcon.colcon_core.verb:set package 'mqtt_subscriber' build argument 'ament_cmake_args' from command line to 'None'
[1.639s] Level 5:colcon.colcon_core.verb:set package 'mqtt_subscriber' build argument 'catkin_cmake_args' from command line to 'None'
[1.639s] Level 5:colcon.colcon_core.verb:set package 'mqtt_subscriber' build argument 'catkin_skip_building_tests' from command line to 'False'
[1.639s] DEBUG:colcon.colcon_core.verb:Building package 'mqtt_subscriber' with the following arguments: {'ament_cmake_args': None, 'build_base': '/home/theo/Capstone_communication/build/mqtt_subscriber', 'catkin_cmake_args': None, 'catkin_skip_building_tests': False, 'cmake_args': None, 'cmake_clean_cache': False, 'cmake_clean_first': False, 'cmake_force_configure': False, 'cmake_target': None, 'cmake_target_skip_unavailable': False, 'install_base': '/home/theo/Capstone_communication/install/mqtt_subscriber', 'merge_install': False, 'path': '/home/theo/Capstone_communication/src/mqtt_subscriber', 'symlink_install': False, 'test_result_base': None}
[1.640s] INFO:colcon.colcon_core.executor:Executing jobs using 'parallel' executor
[1.643s] DEBUG:colcon.colcon_parallel_executor.executor.parallel:run_until_complete
[1.644s] INFO:colcon.colcon_ros.task.ament_python.build:Building ROS package in '/home/theo/Capstone_communication/src/coordinate_publisher' with build type 'ament_python'
[1.645s] Level 1:colcon.colcon_core.shell:create_environment_hook('coordinate_publisher', 'ament_prefix_path')
[1.654s] INFO:colcon.colcon_core.plugin_system:Skipping extension 'colcon_core.shell.bat': Not used on non-Windows systems
[1.655s] INFO:colcon.colcon_core.shell:Creating environment hook '/home/theo/Capstone_communication/install/coordinate_publisher/share/coordinate_publisher/hook/ament_prefix_path.ps1'
[1.658s] INFO:colcon.colcon_core.shell:Creating environment descriptor '/home/theo/Capstone_communication/install/coordinate_publisher/share/coordinate_publisher/hook/ament_prefix_path.dsv'
[1.660s] INFO:colcon.colcon_core.shell:Creating environment hook '/home/theo/Capstone_communication/install/coordinate_publisher/share/coordinate_publisher/hook/ament_prefix_path.sh'
[1.663s] INFO:colcon.colcon_core.shell:Skip shell extension 'powershell' for command environment: Not usable outside of PowerShell
[1.664s] DEBUG:colcon.colcon_core.shell:Skip shell extension 'dsv' for command environment
[1.683s] INFO:colcon.colcon_ros.task.ament_python.build:Building ROS package in '/home/theo/Capstone_communication/src/mqtt_subscriber' with build type 'ament_python'
[1.683s] Level 1:colcon.colcon_core.shell:create_environment_hook('mqtt_subscriber', 'ament_prefix_path')
[1.685s] INFO:colcon.colcon_core.shell:Creating environment hook '/home/theo/Capstone_communication/install/mqtt_subscriber/share/mqtt_subscriber/hook/ament_prefix_path.ps1'
[1.687s] INFO:colcon.colcon_core.shell:Creating environment descriptor '/home/theo/Capstone_communication/install/mqtt_subscriber/share/mqtt_subscriber/hook/ament_prefix_path.dsv'
[1.689s] INFO:colcon.colcon_core.shell:Creating environment hook '/home/theo/Capstone_communication/install/mqtt_subscriber/share/mqtt_subscriber/hook/ament_prefix_path.sh'
[1.692s] INFO:colcon.colcon_core.shell:Skip shell extension 'powershell' for command environment: Not usable outside of PowerShell
[1.692s] DEBUG:colcon.colcon_core.shell:Skip shell extension 'dsv' for command environment
[2.890s] INFO:colcon.colcon_core.task.python.build:Building Python package in '/home/theo/Capstone_communication/src/coordinate_publisher'
[2.891s] INFO:colcon.colcon_core.shell:Skip shell extension 'powershell' for command environment: Not usable outside of PowerShell
[2.891s] DEBUG:colcon.colcon_core.shell:Skip shell extension 'dsv' for command environment
[4.094s] WARNING:colcon.colcon_ros.task.ament_python.build:Package 'mqtt_subscriber' doesn't explicitly install a marker in the package index (colcon-ros currently does it implicitly but that fallback will be removed in the future)
[4.096s] WARNING:colcon.colcon_ros.task.ament_python.build:Package 'mqtt_subscriber' doesn't explicitly install the 'package.xml' file (colcon-ros currently does it implicitly but that fallback will be removed in the future)
[4.098s] INFO:colcon.colcon_core.task.python.build:Building Python package in '/home/theo/Capstone_communication/src/mqtt_subscriber'
[4.099s] INFO:colcon.colcon_core.shell:Skip shell extension 'powershell' for command environment: Not usable outside of PowerShell
[4.099s] DEBUG:colcon.colcon_core.shell:Skip shell extension 'dsv' for command environment
[6.010s] DEBUG:colcon.colcon_core.event_handler.log_command:Invoking command in '/home/theo/Capstone_communication/src/coordinate_publisher': PYTHONPATH=/home/theo/Capstone_communication/build/coordinate_publisher/prefix_override:/home/theo/Capstone_communication/install/coordinate_publisher/lib/python3.10/site-packages:${PYTHONPATH} /usr/bin/python3 -W ignore:setup.py install is deprecated setup.py egg_info --egg-base ../../build/coordinate_publisher build --build-base /home/theo/Capstone_communication/build/coordinate_publisher/build install --record /home/theo/Capstone_communication/build/coordinate_publisher/install.log --single-version-externally-managed install_data
[6.031s] DEBUG:colcon.colcon_core.event_handler.log_command:Invoking command in '/home/theo/Capstone_communication/src/mqtt_subscriber': PYTHONPATH=/home/theo/Capstone_communication/build/mqtt_subscriber/prefix_override:/home/theo/Capstone_communication/install/mqtt_subscriber/lib/python3.10/site-packages:${PYTHONPATH} /usr/bin/python3 -W ignore:setup.py install is deprecated setup.py egg_info --egg-base ../../build/mqtt_subscriber build --build-base /home/theo/Capstone_communication/build/mqtt_subscriber/build install --record /home/theo/Capstone_communication/build/mqtt_subscriber/install.log --single-version-externally-managed
[7.600s] DEBUG:colcon.colcon_core.event_handler.log_command:Invoked command in '/home/theo/Capstone_communication/src/coordinate_publisher' returned '0': PYTHONPATH=/home/theo/Capstone_communication/build/coordinate_publisher/prefix_override:/home/theo/Capstone_communication/install/coordinate_publisher/lib/python3.10/site-packages:${PYTHONPATH} /usr/bin/python3 -W ignore:setup.py install is deprecated setup.py egg_info --egg-base ../../build/coordinate_publisher build --build-base /home/theo/Capstone_communication/build/coordinate_publisher/build install --record /home/theo/Capstone_communication/build/coordinate_publisher/install.log --single-version-externally-managed install_data
[7.620s] Level 1:colcon.colcon_core.environment:checking '/home/theo/Capstone_communication/install/coordinate_publisher' for CMake module files
[7.623s] Level 1:colcon.colcon_core.environment:checking '/home/theo/Capstone_communication/install/coordinate_publisher' for CMake config files
[7.627s] Level 1:colcon.colcon_core.environment:checking '/home/theo/Capstone_communication/install/coordinate_publisher/lib'
[7.627s] Level 1:colcon.colcon_core.environment:checking '/home/theo/Capstone_communication/install/coordinate_publisher/bin'
[7.628s] Level 1:colcon.colcon_core.environment:checking '/home/theo/Capstone_communication/install/coordinate_publisher/lib/pkgconfig/coordinate_publisher.pc'
[7.629s] Level 1:colcon.colcon_core.environment:checking '/home/theo/Capstone_communication/install/coordinate_publisher/lib/python3.10/site-packages'
[7.629s] Level 1:colcon.colcon_core.shell:create_environment_hook('coordinate_publisher', 'pythonpath')
[7.630s] INFO:colcon.colcon_core.shell:Creating environment hook '/home/theo/Capstone_communication/install/coordinate_publisher/share/coordinate_publisher/hook/pythonpath.ps1'
[7.632s] INFO:colcon.colcon_core.shell:Creating environment descriptor '/home/theo/Capstone_communication/install/coordinate_publisher/share/coordinate_publisher/hook/pythonpath.dsv'
[7.633s] INFO:colcon.colcon_core.shell:Creating environment hook '/home/theo/Capstone_communication/install/coordinate_publisher/share/coordinate_publisher/hook/pythonpath.sh'
[7.636s] Level 1:colcon.colcon_core.environment:checking '/home/theo/Capstone_communication/install/coordinate_publisher/bin'
[7.636s] Level 1:colcon.colcon_core.environment:create_environment_scripts_only(coordinate_publisher)
[7.638s] INFO:colcon.colcon_core.shell:Creating package script '/home/theo/Capstone_communication/install/coordinate_publisher/share/coordinate_publisher/package.ps1'
[7.641s] INFO:colcon.colcon_core.shell:Creating package descriptor '/home/theo/Capstone_communication/install/coordinate_publisher/share/coordinate_publisher/package.dsv'
[7.644s] INFO:colcon.colcon_core.shell:Creating package script '/home/theo/Capstone_communication/install/coordinate_publisher/share/coordinate_publisher/package.sh'
[7.647s] INFO:colcon.colcon_core.shell:Creating package script '/home/theo/Capstone_communication/install/coordinate_publisher/share/coordinate_publisher/package.bash'
[7.650s] INFO:colcon.colcon_core.shell:Creating package script '/home/theo/Capstone_communication/install/coordinate_publisher/share/coordinate_publisher/package.zsh'
[7.653s] Level 1:colcon.colcon_core.environment:create_file_with_runtime_dependencies(/home/theo/Capstone_communication/install/coordinate_publisher/share/colcon-core/packages/coordinate_publisher)
[7.658s] Level 1:colcon.colcon_core.environment:checking '/home/theo/Capstone_communication/install/mqtt_subscriber' for CMake module files
[7.661s] DEBUG:colcon.colcon_core.event_handler.log_command:Invoked command in '/home/theo/Capstone_communication/src/mqtt_subscriber' returned '0': PYTHONPATH=/home/theo/Capstone_communication/build/mqtt_subscriber/prefix_override:/home/theo/Capstone_communication/install/mqtt_subscriber/lib/python3.10/site-packages:${PYTHONPATH} /usr/bin/python3 -W ignore:setup.py install is deprecated setup.py egg_info --egg-base ../../build/mqtt_subscriber build --build-base /home/theo/Capstone_communication/build/mqtt_subscriber/build install --record /home/theo/Capstone_communication/build/mqtt_subscriber/install.log --single-version-externally-managed
[7.662s] Level 1:colcon.colcon_core.environment:checking '/home/theo/Capstone_communication/install/mqtt_subscriber' for CMake config files
[7.667s] Level 1:colcon.colcon_core.environment:checking '/home/theo/Capstone_communication/install/mqtt_subscriber/lib'
[7.667s] Level 1:colcon.colcon_core.environment:checking '/home/theo/Capstone_communication/install/mqtt_subscriber/bin'
[7.668s] Level 1:colcon.colcon_core.environment:checking '/home/theo/Capstone_communication/install/mqtt_subscriber/lib/pkgconfig/mqtt_subscriber.pc'
[7.669s] Level 1:colcon.colcon_core.environment:checking '/home/theo/Capstone_communication/install/mqtt_subscriber/lib/python3.10/site-packages'
[7.669s] Level 1:colcon.colcon_core.shell:create_environment_hook('mqtt_subscriber', 'pythonpath')
[7.671s] INFO:colcon.colcon_core.shell:Creating environment hook '/home/theo/Capstone_communication/install/mqtt_subscriber/share/mqtt_subscriber/hook/pythonpath.ps1'
[7.673s] INFO:colcon.colcon_core.shell:Creating environment descriptor '/home/theo/Capstone_communication/install/mqtt_subscriber/share/mqtt_subscriber/hook/pythonpath.dsv'
[7.675s] INFO:colcon.colcon_core.shell:Creating environment hook '/home/theo/Capstone_communication/install/mqtt_subscriber/share/mqtt_subscriber/hook/pythonpath.sh'
[7.678s] Level 1:colcon.colcon_core.environment:checking '/home/theo/Capstone_communication/install/mqtt_subscriber/bin'
[7.678s] Level 1:colcon.colcon_core.environment:create_environment_scripts_only(mqtt_subscriber)
[7.679s] INFO:colcon.colcon_core.shell:Creating package script '/home/theo/Capstone_communication/install/mqtt_subscriber/share/mqtt_subscriber/package.ps1'
[7.682s] INFO:colcon.colcon_core.shell:Creating package descriptor '/home/theo/Capstone_communication/install/mqtt_subscriber/share/mqtt_subscriber/package.dsv'
[7.684s] INFO:colcon.colcon_core.shell:Creating package script '/home/theo/Capstone_communication/install/mqtt_subscriber/share/mqtt_subscriber/package.sh'
[7.686s] INFO:colcon.colcon_core.shell:Creating package script '/home/theo/Capstone_communication/install/mqtt_subscriber/share/mqtt_subscriber/package.bash'
[7.688s] INFO:colcon.colcon_core.shell:Creating package script '/home/theo/Capstone_communication/install/mqtt_subscriber/share/mqtt_subscriber/package.zsh'
[7.689s] Level 1:colcon.colcon_core.environment:create_file_with_runtime_dependencies(/home/theo/Capstone_communication/install/mqtt_subscriber/share/colcon-core/packages/mqtt_subscriber)
[7.690s] DEBUG:colcon.colcon_parallel_executor.executor.parallel:closing loop
[7.691s] DEBUG:colcon.colcon_parallel_executor.executor.parallel:loop closed
[7.692s] DEBUG:colcon.colcon_parallel_executor.executor.parallel:run_until_complete finished with '0'
[7.692s] DEBUG:colcon.colcon_core.event_reactor:joining thread
[7.713s] INFO:colcon.colcon_core.plugin_system:Skipping extension 'colcon_notification.desktop_notification.notify_send': Could not find 'notify-send'
[7.714s] INFO:colcon.colcon_core.plugin_system:Skipping extension 'colcon_notification.desktop_notification.terminal_notifier': Not used on non-Darwin systems
[7.714s] INFO:colcon.colcon_core.plugin_system:Skipping extension 'colcon_notification.desktop_notification.win32': Not used on non-Windows systems
[7.714s] INFO:colcon.colcon_notification.desktop_notification:Sending desktop notification using 'notify2'
[7.717s] DEBUG:colcon.colcon_notification.desktop_notification.notify2:Failed to initialize notify2: org.freedesktop.DBus.Error.ServiceUnknown: The name org.freedesktop.Notifications was not provided by any .service files
[7.717s] DEBUG:colcon.colcon_core.event_reactor:joined thread
[7.719s] INFO:colcon.colcon_core.shell:Creating prefix script '/home/theo/Capstone_communication/install/local_setup.ps1'
[7.722s] INFO:colcon.colcon_core.shell:Creating prefix util module '/home/theo/Capstone_communication/install/_local_setup_util_ps1.py'
[7.728s] INFO:colcon.colcon_core.shell:Creating prefix chain script '/home/theo/Capstone_communication/install/setup.ps1'
[7.733s] INFO:colcon.colcon_core.shell:Creating prefix script '/home/theo/Capstone_communication/install/local_setup.sh'
[7.736s] INFO:colcon.colcon_core.shell:Creating prefix util module '/home/theo/Capstone_communication/install/_local_setup_util_sh.py'
[7.738s] INFO:colcon.colcon_core.shell:Creating prefix chain script '/home/theo/Capstone_communication/install/setup.sh'
[7.744s] INFO:colcon.colcon_core.shell:Creating prefix script '/home/theo/Capstone_communication/install/local_setup.bash'
[7.746s] INFO:colcon.colcon_core.shell:Creating prefix chain script '/home/theo/Capstone_communication/install/setup.bash'
[7.751s] INFO:colcon.colcon_core.shell:Creating prefix script '/home/theo/Capstone_communication/install/local_setup.zsh'
[7.753s] INFO:colcon.colcon_core.shell:Creating prefix chain script '/home/theo/Capstone_communication/install/setup.zsh'
