[0.091s] DEBUG:colcon:Command line arguments: ['/usr/bin/colcon', 'build', '--symlink-install']
[0.091s] DEBUG:colcon:Parsed command line arguments: Namespace(log_base=None, log_level=None, verb_name='build', build_base='build', install_base='install', merge_install=False, symlink_install=True, test_result_base=None, continue_on_error=False, executor='parallel', parallel_workers=12, event_handlers=None, ignore_user_meta=False, metas=['./colcon.meta'], base_paths=['.'], packages_ignore=None, packages_ignore_regex=None, paths=None, packages_up_to=None, packages_up_to_regex=None, packages_above=None, packages_above_and_dependencies=None, packages_above_depth=None, packages_select_by_dep=None, packages_skip_by_dep=None, packages_skip_up_to=None, packages_select_build_failed=False, packages_skip_build_finished=False, packages_select_test_failures=False, packages_skip_test_passed=False, packages_select=None, packages_skip=None, packages_select_regex=None, packages_skip_regex=None, packages_start=None, packages_end=None, allow_overriding=[], cmake_args=None, cmake_target=None, cmake_target_skip_unavailable=False, cmake_clean_cache=False, cmake_clean_first=False, cmake_force_configure=False, ament_cmake_args=None, catkin_cmake_args=None, catkin_skip_building_tests=False, verb_parser=<colcon_defaults.argument_parser.defaults.DefaultArgumentsDecorator object at 0x761361f055d0>, verb_extension=<colcon_core.verb.build.BuildVerb object at 0x761361f05090>, main=<bound method BuildVerb.main of <colcon_core.verb.build.BuildVerb object at 0x761361f05090>>)
[0.123s] Level 1:colcon.colcon_core.package_discovery:discover_packages(colcon_meta) check parameters
[0.123s] Level 1:colcon.colcon_core.package_discovery:discover_packages(recursive) check parameters
[0.123s] Level 1:colcon.colcon_core.package_discovery:discover_packages(ignore) check parameters
[0.123s] Level 1:colcon.colcon_core.package_discovery:discover_packages(path) check parameters
[0.123s] Level 1:colcon.colcon_core.package_discovery:discover_packages(colcon_meta) discover
[0.123s] Level 1:colcon.colcon_core.package_discovery:discover_packages(recursive) discover
[0.123s] INFO:colcon.colcon_core.package_discovery:Crawling recursively for packages in '/home/theo/ros2_ws'
[0.123s] Level 1:colcon.colcon_core.package_identification:_identify(.) by extensions ['ignore', 'ignore_ament_install']
[0.123s] Level 1:colcon.colcon_core.package_identification:_identify(.) by extension 'ignore'
[0.123s] Level 1:colcon.colcon_core.package_identification:_identify(.) by extension 'ignore_ament_install'
[0.123s] Level 1:colcon.colcon_core.package_identification:_identify(.) by extensions ['colcon_pkg']
[0.123s] Level 1:colcon.colcon_core.package_identification:_identify(.) by extension 'colcon_pkg'
[0.123s] Level 1:colcon.colcon_core.package_identification:_identify(.) by extensions ['colcon_meta']
[0.124s] Level 1:colcon.colcon_core.package_identification:_identify(.) by extension 'colcon_meta'
[0.124s] Level 1:colcon.colcon_core.package_identification:_identify(.) by extensions ['ros']
[0.124s] Level 1:colcon.colcon_core.package_identification:_identify(.) by extension 'ros'
[0.136s] Level 1:colcon.colcon_core.package_identification:_identify(.) by extensions ['cmake', 'python']
[0.136s] Level 1:colcon.colcon_core.package_identification:_identify(.) by extension 'cmake'
[0.137s] Level 1:colcon.colcon_core.package_identification:_identify(.) by extension 'python'
[0.137s] Level 1:colcon.colcon_core.package_identification:_identify(.) by extensions ['python_setup_py']
[0.137s] Level 1:colcon.colcon_core.package_identification:_identify(.) by extension 'python_setup_py'
[0.137s] Level 1:colcon.colcon_core.package_identification:_identify(build) by extensions ['ignore', 'ignore_ament_install']
[0.137s] Level 1:colcon.colcon_core.package_identification:_identify(build) by extension 'ignore'
[0.137s] Level 1:colcon.colcon_core.package_identification:_identify(build) ignored
[0.137s] Level 1:colcon.colcon_core.package_identification:_identify(install) by extensions ['ignore', 'ignore_ament_install']
[0.137s] Level 1:colcon.colcon_core.package_identification:_identify(install) by extension 'ignore'
[0.137s] Level 1:colcon.colcon_core.package_identification:_identify(install) ignored
[0.137s] Level 1:colcon.colcon_core.package_identification:_identify(log) by extensions ['ignore', 'ignore_ament_install']
[0.138s] Level 1:colcon.colcon_core.package_identification:_identify(log) by extension 'ignore'
[0.138s] Level 1:colcon.colcon_core.package_identification:_identify(log) ignored
[0.138s] Level 1:colcon.colcon_core.package_identification:_identify(src) by extensions ['ignore', 'ignore_ament_install']
[0.138s] Level 1:colcon.colcon_core.package_identification:_identify(src) by extension 'ignore'
[0.138s] Level 1:colcon.colcon_core.package_identification:_identify(src) by extension 'ignore_ament_install'
[0.138s] Level 1:colcon.colcon_core.package_identification:_identify(src) by extensions ['colcon_pkg']
[0.138s] Level 1:colcon.colcon_core.package_identification:_identify(src) by extension 'colcon_pkg'
[0.138s] Level 1:colcon.colcon_core.package_identification:_identify(src) by extensions ['colcon_meta']
[0.138s] Level 1:colcon.colcon_core.package_identification:_identify(src) by extension 'colcon_meta'
[0.138s] Level 1:colcon.colcon_core.package_identification:_identify(src) by extensions ['ros']
[0.138s] Level 1:colcon.colcon_core.package_identification:_identify(src) by extension 'ros'
[0.138s] Level 1:colcon.colcon_core.package_identification:_identify(src) by extensions ['cmake', 'python']
[0.138s] Level 1:colcon.colcon_core.package_identification:_identify(src) by extension 'cmake'
[0.138s] Level 1:colcon.colcon_core.package_identification:_identify(src) by extension 'python'
[0.138s] Level 1:colcon.colcon_core.package_identification:_identify(src) by extensions ['python_setup_py']
[0.139s] Level 1:colcon.colcon_core.package_identification:_identify(src) by extension 'python_setup_py'
[0.139s] Level 1:colcon.colcon_core.package_identification:_identify(src/mavros_launch) by extensions ['ignore', 'ignore_ament_install']
[0.139s] Level 1:colcon.colcon_core.package_identification:_identify(src/mavros_launch) by extension 'ignore'
[0.139s] Level 1:colcon.colcon_core.package_identification:_identify(src/mavros_launch) by extension 'ignore_ament_install'
[0.139s] Level 1:colcon.colcon_core.package_identification:_identify(src/mavros_launch) by extensions ['colcon_pkg']
[0.139s] Level 1:colcon.colcon_core.package_identification:_identify(src/mavros_launch) by extension 'colcon_pkg'
[0.139s] Level 1:colcon.colcon_core.package_identification:_identify(src/mavros_launch) by extensions ['colcon_meta']
[0.139s] Level 1:colcon.colcon_core.package_identification:_identify(src/mavros_launch) by extension 'colcon_meta'
[0.139s] Level 1:colcon.colcon_core.package_identification:_identify(src/mavros_launch) by extensions ['ros']
[0.139s] Level 1:colcon.colcon_core.package_identification:_identify(src/mavros_launch) by extension 'ros'
[0.141s] DEBUG:colcon.colcon_core.package_identification:Package 'src/mavros_launch' with type 'ros.ament_python' and name 'mavros_launch'
[0.141s] Level 1:colcon.colcon_core.package_discovery:discover_packages(recursive) using defaults
[0.141s] Level 1:colcon.colcon_core.package_discovery:discover_packages(ignore) discover
[0.142s] Level 1:colcon.colcon_core.package_discovery:discover_packages(ignore) using defaults
[0.142s] Level 1:colcon.colcon_core.package_discovery:discover_packages(path) discover
[0.142s] Level 1:colcon.colcon_core.package_discovery:discover_packages(path) using defaults
[0.158s] Level 1:colcon.colcon_core.package_discovery:discover_packages(prefix_path) check parameters
[0.158s] Level 1:colcon.colcon_core.package_discovery:discover_packages(prefix_path) discover
[0.159s] DEBUG:colcon.colcon_installed_package_information.package_discovery:Found 1 installed packages in /home/theo/ros2_ws/install
[0.160s] DEBUG:colcon.colcon_installed_package_information.package_discovery:Found 277 installed packages in /opt/ros/humble
[0.162s] Level 1:colcon.colcon_core.package_discovery:discover_packages(prefix_path) using defaults
[0.194s] Level 5:colcon.colcon_core.verb:set package 'mavros_launch' build argument 'cmake_args' from command line to 'None'
[0.194s] Level 5:colcon.colcon_core.verb:set package 'mavros_launch' build argument 'cmake_target' from command line to 'None'
[0.194s] Level 5:colcon.colcon_core.verb:set package 'mavros_launch' build argument 'cmake_target_skip_unavailable' from command line to 'False'
[0.194s] Level 5:colcon.colcon_core.verb:set package 'mavros_launch' build argument 'cmake_clean_cache' from command line to 'False'
[0.194s] Level 5:colcon.colcon_core.verb:set package 'mavros_launch' build argument 'cmake_clean_first' from command line to 'False'
[0.194s] Level 5:colcon.colcon_core.verb:set package 'mavros_launch' build argument 'cmake_force_configure' from command line to 'False'
[0.194s] Level 5:colcon.colcon_core.verb:set package 'mavros_launch' build argument 'ament_cmake_args' from command line to 'None'
[0.194s] Level 5:colcon.colcon_core.verb:set package 'mavros_launch' build argument 'catkin_cmake_args' from command line to 'None'
[0.194s] Level 5:colcon.colcon_core.verb:set package 'mavros_launch' build argument 'catkin_skip_building_tests' from command line to 'False'
[0.195s] DEBUG:colcon.colcon_core.verb:Building package 'mavros_launch' with the following arguments: {'ament_cmake_args': None, 'build_base': '/home/theo/ros2_ws/build/mavros_launch', 'catkin_cmake_args': None, 'catkin_skip_building_tests': False, 'cmake_args': None, 'cmake_clean_cache': False, 'cmake_clean_first': False, 'cmake_force_configure': False, 'cmake_target': None, 'cmake_target_skip_unavailable': False, 'install_base': '/home/theo/ros2_ws/install/mavros_launch', 'merge_install': False, 'path': '/home/theo/ros2_ws/src/mavros_launch', 'symlink_install': True, 'test_result_base': None}
[0.195s] INFO:colcon.colcon_core.executor:Executing jobs using 'parallel' executor
[0.195s] DEBUG:colcon.colcon_parallel_executor.executor.parallel:run_until_complete
[0.196s] INFO:colcon.colcon_ros.task.ament_python.build:Building ROS package in '/home/theo/ros2_ws/src/mavros_launch' with build type 'ament_python'
[0.196s] Level 1:colcon.colcon_core.shell:create_environment_hook('mavros_launch', 'ament_prefix_path')
[0.198s] INFO:colcon.colcon_core.plugin_system:Skipping extension 'colcon_core.shell.bat': Not used on non-Windows systems
[0.198s] INFO:colcon.colcon_core.shell:Creating environment hook '/home/theo/ros2_ws/install/mavros_launch/share/mavros_launch/hook/ament_prefix_path.ps1'
[0.199s] INFO:colcon.colcon_core.shell:Creating environment descriptor '/home/theo/ros2_ws/install/mavros_launch/share/mavros_launch/hook/ament_prefix_path.dsv'
[0.200s] INFO:colcon.colcon_core.shell:Creating environment hook '/home/theo/ros2_ws/install/mavros_launch/share/mavros_launch/hook/ament_prefix_path.sh'
[0.201s] INFO:colcon.colcon_core.shell:Skip shell extension 'powershell' for command environment: Not usable outside of PowerShell
[0.201s] DEBUG:colcon.colcon_core.shell:Skip shell extension 'dsv' for command environment
[0.370s] WARNING:colcon.colcon_ros.task.ament_python.build:Package 'mavros_launch' doesn't explicitly install a marker in the package index (colcon-ros currently does it implicitly but that fallback will be removed in the future)
[0.371s] INFO:colcon.colcon_core.task.python.build:Building Python package in '/home/theo/ros2_ws/src/mavros_launch'
[0.371s] INFO:colcon.colcon_core.shell:Skip shell extension 'powershell' for command environment: Not usable outside of PowerShell
[0.371s] DEBUG:colcon.colcon_core.shell:Skip shell extension 'dsv' for command environment
[0.865s] DEBUG:colcon.colcon_core.event_handler.log_command:Invoking command in '/home/theo/ros2_ws/build/mavros_launch': PYTHONPATH=/home/theo/ros2_ws/build/mavros_launch/prefix_override:/home/theo/ros2_ws/install/mavros_launch/lib/python3.10/site-packages:${PYTHONPATH} /usr/bin/python3 -W ignore:setup.py install is deprecated setup.py develop --editable --build-directory /home/theo/ros2_ws/build/mavros_launch/build --no-deps symlink_data
[1.429s] Level 1:colcon.colcon_core.shell:create_environment_hook('mavros_launch', 'pythonpath_develop')
[1.429s] INFO:colcon.colcon_core.shell:Creating environment hook '/home/theo/ros2_ws/build/mavros_launch/share/mavros_launch/hook/pythonpath_develop.ps1'
[1.430s] DEBUG:colcon.colcon_core.event_handler.log_command:Invoked command in '/home/theo/ros2_ws/build/mavros_launch' returned '0': PYTHONPATH=/home/theo/ros2_ws/build/mavros_launch/prefix_override:/home/theo/ros2_ws/install/mavros_launch/lib/python3.10/site-packages:${PYTHONPATH} /usr/bin/python3 -W ignore:setup.py install is deprecated setup.py develop --editable --build-directory /home/theo/ros2_ws/build/mavros_launch/build --no-deps symlink_data
[1.431s] INFO:colcon.colcon_core.shell:Creating environment descriptor '/home/theo/ros2_ws/build/mavros_launch/share/mavros_launch/hook/pythonpath_develop.dsv'
[1.431s] INFO:colcon.colcon_core.shell:Creating environment hook '/home/theo/ros2_ws/build/mavros_launch/share/mavros_launch/hook/pythonpath_develop.sh'
[1.434s] Level 1:colcon.colcon_core.environment:checking '/home/theo/ros2_ws/install/mavros_launch' for CMake module files
[1.435s] Level 1:colcon.colcon_core.environment:checking '/home/theo/ros2_ws/install/mavros_launch' for CMake config files
[1.435s] Level 1:colcon.colcon_core.environment:checking '/home/theo/ros2_ws/install/mavros_launch/lib'
[1.435s] Level 1:colcon.colcon_core.environment:checking '/home/theo/ros2_ws/install/mavros_launch/bin'
[1.436s] Level 1:colcon.colcon_core.environment:checking '/home/theo/ros2_ws/install/mavros_launch/lib/pkgconfig/mavros_launch.pc'
[1.436s] Level 1:colcon.colcon_core.environment:checking '/home/theo/ros2_ws/install/mavros_launch/lib/python3.10/site-packages'
[1.436s] Level 1:colcon.colcon_core.shell:create_environment_hook('mavros_launch', 'pythonpath')
[1.436s] INFO:colcon.colcon_core.shell:Creating environment hook '/home/theo/ros2_ws/install/mavros_launch/share/mavros_launch/hook/pythonpath.ps1'
[1.437s] INFO:colcon.colcon_core.shell:Creating environment descriptor '/home/theo/ros2_ws/install/mavros_launch/share/mavros_launch/hook/pythonpath.dsv'
[1.437s] INFO:colcon.colcon_core.shell:Creating environment hook '/home/theo/ros2_ws/install/mavros_launch/share/mavros_launch/hook/pythonpath.sh'
[1.438s] Level 1:colcon.colcon_core.environment:checking '/home/theo/ros2_ws/install/mavros_launch/bin'
[1.438s] Level 1:colcon.colcon_core.environment:create_environment_scripts_only(mavros_launch)
[1.438s] INFO:colcon.colcon_core.shell:Creating package script '/home/theo/ros2_ws/install/mavros_launch/share/mavros_launch/package.ps1'
[1.439s] INFO:colcon.colcon_core.shell:Creating package descriptor '/home/theo/ros2_ws/install/mavros_launch/share/mavros_launch/package.dsv'
[1.439s] INFO:colcon.colcon_core.shell:Creating package script '/home/theo/ros2_ws/install/mavros_launch/share/mavros_launch/package.sh'
[1.440s] INFO:colcon.colcon_core.shell:Creating package script '/home/theo/ros2_ws/install/mavros_launch/share/mavros_launch/package.bash'
[1.441s] INFO:colcon.colcon_core.shell:Creating package script '/home/theo/ros2_ws/install/mavros_launch/share/mavros_launch/package.zsh'
[1.441s] Level 1:colcon.colcon_core.environment:create_file_with_runtime_dependencies(/home/theo/ros2_ws/install/mavros_launch/share/colcon-core/packages/mavros_launch)
[1.442s] DEBUG:colcon.colcon_parallel_executor.executor.parallel:closing loop
[1.442s] DEBUG:colcon.colcon_parallel_executor.executor.parallel:loop closed
[1.442s] DEBUG:colcon.colcon_parallel_executor.executor.parallel:run_until_complete finished with '0'
[1.442s] DEBUG:colcon.colcon_core.event_reactor:joining thread
[1.446s] INFO:colcon.colcon_core.plugin_system:Skipping extension 'colcon_notification.desktop_notification.terminal_notifier': Not used on non-Darwin systems
[1.446s] INFO:colcon.colcon_core.plugin_system:Skipping extension 'colcon_notification.desktop_notification.win32': Not used on non-Windows systems
[1.446s] INFO:colcon.colcon_notification.desktop_notification:Sending desktop notification using 'notify2'
[1.460s] DEBUG:colcon.colcon_core.event_reactor:joined thread
[1.460s] INFO:colcon.colcon_core.shell:Creating prefix script '/home/theo/ros2_ws/install/local_setup.ps1'
[1.462s] INFO:colcon.colcon_core.shell:Creating prefix util module '/home/theo/ros2_ws/install/_local_setup_util_ps1.py'
[1.464s] INFO:colcon.colcon_core.shell:Creating prefix chain script '/home/theo/ros2_ws/install/setup.ps1'
[1.466s] INFO:colcon.colcon_core.shell:Creating prefix script '/home/theo/ros2_ws/install/local_setup.sh'
[1.467s] INFO:colcon.colcon_core.shell:Creating prefix util module '/home/theo/ros2_ws/install/_local_setup_util_sh.py'
[1.468s] INFO:colcon.colcon_core.shell:Creating prefix chain script '/home/theo/ros2_ws/install/setup.sh'
[1.469s] INFO:colcon.colcon_core.shell:Creating prefix script '/home/theo/ros2_ws/install/local_setup.bash'
[1.470s] INFO:colcon.colcon_core.shell:Creating prefix chain script '/home/theo/ros2_ws/install/setup.bash'
[1.472s] INFO:colcon.colcon_core.shell:Creating prefix script '/home/theo/ros2_ws/install/local_setup.zsh'
[1.473s] INFO:colcon.colcon_core.shell:Creating prefix chain script '/home/theo/ros2_ws/install/setup.zsh'
