[0.612s] DEBUG:colcon:Command line arguments: ['/usr/bin/colcon', 'build']
[0.612s] DEBUG:colcon:Parsed command line arguments: Namespace(log_base=None, log_level=None, verb_name='build', build_base='build', install_base='install', merge_install=False, symlink_install=False, test_result_base=None, continue_on_error=False, executor='parallel', parallel_workers=4, event_handlers=None, ignore_user_meta=False, metas=['./colcon.meta'], base_paths=['.'], packages_ignore=None, packages_ignore_regex=None, paths=None, packages_up_to=None, packages_up_to_regex=None, packages_above=None, packages_above_and_dependencies=None, packages_above_depth=None, packages_select_by_dep=None, packages_skip_by_dep=None, packages_skip_up_to=None, packages_select_build_failed=False, packages_skip_build_finished=False, packages_select_test_failures=False, packages_skip_test_passed=False, packages_select=None, packages_skip=None, packages_select_regex=None, packages_skip_regex=None, packages_start=None, packages_end=None, allow_overriding=[], cmake_args=None, cmake_target=None, cmake_target_skip_unavailable=False, cmake_clean_cache=False, cmake_clean_first=False, cmake_force_configure=False, ament_cmake_args=None, catkin_cmake_args=None, catkin_skip_building_tests=False, mixin_files=None, mixin=None, verb_parser=<colcon_mixin.mixin.mixin_argument.MixinArgumentDecorator object at 0xffff879c9f90>, verb_extension=<colcon_core.verb.build.BuildVerb object at 0xffff87b0a590>, main=<bound method BuildVerb.main of <colcon_core.verb.build.BuildVerb object at 0xffff87b0a590>>, mixin_verb=('build',))
[1.567s] Level 1:colcon.colcon_core.package_discovery:discover_packages(colcon_meta) check parameters
[1.568s] Level 1:colcon.colcon_core.package_discovery:discover_packages(recursive) check parameters
[1.568s] Level 1:colcon.colcon_core.package_discovery:discover_packages(ignore) check parameters
[1.568s] Level 1:colcon.colcon_core.package_discovery:discover_packages(path) check parameters
[1.569s] Level 1:colcon.colcon_core.package_discovery:discover_packages(colcon_meta) discover
[1.569s] Level 1:colcon.colcon_core.package_discovery:discover_packages(recursive) discover
[1.569s] INFO:colcon.colcon_core.package_discovery:Crawling recursively for packages in '/home/theo/Capstone_communication'
[1.570s] Level 1:colcon.colcon_core.package_identification:_identify(.) by extensions ['ignore', 'ignore_ament_install']
[1.570s] Level 1:colcon.colcon_core.package_identification:_identify(.) by extension 'ignore'
[1.570s] Level 1:colcon.colcon_core.package_identification:_identify(.) by extension 'ignore_ament_install'
[1.571s] Level 1:colcon.colcon_core.package_identification:_identify(.) by extensions ['colcon_pkg']
[1.571s] Level 1:colcon.colcon_core.package_identification:_identify(.) by extension 'colcon_pkg'
[1.571s] Level 1:colcon.colcon_core.package_identification:_identify(.) by extensions ['colcon_meta']
[1.571s] Level 1:colcon.colcon_core.package_identification:_identify(.) by extension 'colcon_meta'
[1.571s] Level 1:colcon.colcon_core.package_identification:_identify(.) by extensions ['ros']
[1.572s] Level 1:colcon.colcon_core.package_identification:_identify(.) by extension 'ros'
[1.637s] Level 1:colcon.colcon_core.package_identification:_identify(.) by extensions ['cmake', 'python']
[1.638s] Level 1:colcon.colcon_core.package_identification:_identify(.) by extension 'cmake'
[1.638s] Level 1:colcon.colcon_core.package_identification:_identify(.) by extension 'python'
[1.638s] Level 1:colcon.colcon_core.package_identification:_identify(.) by extensions ['python_setup_py']
[1.638s] Level 1:colcon.colcon_core.package_identification:_identify(.) by extension 'python_setup_py'
[1.639s] Level 1:colcon.colcon_core.package_identification:_identify(build) by extensions ['ignore', 'ignore_ament_install']
[1.639s] Level 1:colcon.colcon_core.package_identification:_identify(build) by extension 'ignore'
[1.639s] Level 1:colcon.colcon_core.package_identification:_identify(build) ignored
[1.640s] Level 1:colcon.colcon_core.package_identification:_identify(install) by extensions ['ignore', 'ignore_ament_install']
[1.640s] Level 1:colcon.colcon_core.package_identification:_identify(install) by extension 'ignore'
[1.641s] Level 1:colcon.colcon_core.package_identification:_identify(install) ignored
[1.642s] Level 1:colcon.colcon_core.package_identification:_identify(log) by extensions ['ignore', 'ignore_ament_install']
[1.642s] Level 1:colcon.colcon_core.package_identification:_identify(log) by extension 'ignore'
[1.642s] Level 1:colcon.colcon_core.package_identification:_identify(log) ignored
[1.643s] Level 1:colcon.colcon_core.package_identification:_identify(src) by extensions ['ignore', 'ignore_ament_install']
[1.643s] Level 1:colcon.colcon_core.package_identification:_identify(src) by extension 'ignore'
[1.643s] Level 1:colcon.colcon_core.package_identification:_identify(src) by extension 'ignore_ament_install'
[1.643s] Level 1:colcon.colcon_core.package_identification:_identify(src) by extensions ['colcon_pkg']
[1.644s] Level 1:colcon.colcon_core.package_identification:_identify(src) by extension 'colcon_pkg'
[1.644s] Level 1:colcon.colcon_core.package_identification:_identify(src) by extensions ['colcon_meta']
[1.644s] Level 1:colcon.colcon_core.package_identification:_identify(src) by extension 'colcon_meta'
[1.645s] Level 1:colcon.colcon_core.package_identification:_identify(src) by extensions ['ros']
[1.645s] Level 1:colcon.colcon_core.package_identification:_identify(src) by extension 'ros'
[1.645s] Level 1:colcon.colcon_core.package_identification:_identify(src) by extensions ['cmake', 'python']
[1.646s] Level 1:colcon.colcon_core.package_identification:_identify(src) by extension 'cmake'
[1.646s] Level 1:colcon.colcon_core.package_identification:_identify(src) by extension 'python'
[1.646s] Level 1:colcon.colcon_core.package_identification:_identify(src) by extensions ['python_setup_py']
[1.646s] Level 1:colcon.colcon_core.package_identification:_identify(src) by extension 'python_setup_py'
[1.647s] Level 1:colcon.colcon_core.package_identification:_identify(src/coordinate_publisher) by extensions ['ignore', 'ignore_ament_install']
[1.647s] Level 1:colcon.colcon_core.package_identification:_identify(src/coordinate_publisher) by extension 'ignore'
[1.648s] Level 1:colcon.colcon_core.package_identification:_identify(src/coordinate_publisher) by extension 'ignore_ament_install'
[1.648s] Level 1:colcon.colcon_core.package_identification:_identify(src/coordinate_publisher) by extensions ['colcon_pkg']
[1.648s] Level 1:colcon.colcon_core.package_identification:_identify(src/coordinate_publisher) by extension 'colcon_pkg'
[1.648s] Level 1:colcon.colcon_core.package_identification:_identify(src/coordinate_publisher) by extensions ['colcon_meta']
[1.649s] Level 1:colcon.colcon_core.package_identification:_identify(src/coordinate_publisher) by extension 'colcon_meta'
[1.649s] Level 1:colcon.colcon_core.package_identification:_identify(src/coordinate_publisher) by extensions ['ros']
[1.649s] Level 1:colcon.colcon_core.package_identification:_identify(src/coordinate_publisher) by extension 'ros'
[1.661s] DEBUG:colcon.colcon_core.package_identification:Package 'src/coordinate_publisher' with type 'ros.ament_python' and name 'coordinate_publisher'
[1.662s] Level 1:colcon.colcon_core.package_identification:_identify(src/mqtt_subscriber) by extensions ['ignore', 'ignore_ament_install']
[1.662s] Level 1:colcon.colcon_core.package_identification:_identify(src/mqtt_subscriber) by extension 'ignore'
[1.663s] Level 1:colcon.colcon_core.package_identification:_identify(src/mqtt_subscriber) by extension 'ignore_ament_install'
[1.663s] Level 1:colcon.colcon_core.package_identification:_identify(src/mqtt_subscriber) by extensions ['colcon_pkg']
[1.663s] Level 1:colcon.colcon_core.package_identification:_identify(src/mqtt_subscriber) by extension 'colcon_pkg'
[1.664s] Level 1:colcon.colcon_core.package_identification:_identify(src/mqtt_subscriber) by extensions ['colcon_meta']
[1.664s] Level 1:colcon.colcon_core.package_identification:_identify(src/mqtt_subscriber) by extension 'colcon_meta'
[1.664s] Level 1:colcon.colcon_core.package_identification:_identify(src/mqtt_subscriber) by extensions ['ros']
[1.664s] Level 1:colcon.colcon_core.package_identification:_identify(src/mqtt_subscriber) by extension 'ros'
[1.667s] DEBUG:colcon.colcon_core.package_identification:Package 'src/mqtt_subscriber' with type 'ros.ament_python' and name 'mqtt_subscriber'
[1.668s] Level 1:colcon.colcon_core.package_discovery:discover_packages(recursive) using defaults
[1.668s] Level 1:colcon.colcon_core.package_discovery:discover_packages(ignore) discover
[1.668s] Level 1:colcon.colcon_core.package_discovery:discover_packages(ignore) using defaults
[1.668s] Level 1:colcon.colcon_core.package_discovery:discover_packages(path) discover
[1.668s] Level 1:colcon.colcon_core.package_discovery:discover_packages(path) using defaults
[1.773s] Level 1:colcon.colcon_core.package_discovery:discover_packages(prefix_path) check parameters
[1.773s] Level 1:colcon.colcon_core.package_discovery:discover_packages(prefix_path) discover
[1.830s] DEBUG:colcon.colcon_installed_package_information.package_discovery:Found 3 installed packages in /home/theo/Capstone_communication/install
[1.833s] DEBUG:colcon.colcon_installed_package_information.package_discovery:Found 1 installed packages in /home/theo/install
[1.844s] DEBUG:colcon.colcon_installed_package_information.package_discovery:Found 270 installed packages in /opt/ros/humble
[1.850s] Level 1:colcon.colcon_core.package_discovery:discover_packages(prefix_path) using defaults
[2.021s] Level 5:colcon.colcon_core.verb:set package 'coordinate_publisher' build argument 'cmake_args' from command line to 'None'
[2.021s] Level 5:colcon.colcon_core.verb:set package 'coordinate_publisher' build argument 'cmake_target' from command line to 'None'
[2.021s] Level 5:colcon.colcon_core.verb:set package 'coordinate_publisher' build argument 'cmake_target_skip_unavailable' from command line to 'False'
[2.021s] Level 5:colcon.colcon_core.verb:set package 'coordinate_publisher' build argument 'cmake_clean_cache' from command line to 'False'
[2.021s] Level 5:colcon.colcon_core.verb:set package 'coordinate_publisher' build argument 'cmake_clean_first' from command line to 'False'
[2.022s] Level 5:colcon.colcon_core.verb:set package 'coordinate_publisher' build argument 'cmake_force_configure' from command line to 'False'
[2.022s] Level 5:colcon.colcon_core.verb:set package 'coordinate_publisher' build argument 'ament_cmake_args' from command line to 'None'
[2.022s] Level 5:colcon.colcon_core.verb:set package 'coordinate_publisher' build argument 'catkin_cmake_args' from command line to 'None'
[2.022s] Level 5:colcon.colcon_core.verb:set package 'coordinate_publisher' build argument 'catkin_skip_building_tests' from command line to 'False'
[2.022s] DEBUG:colcon.colcon_core.verb:Building package 'coordinate_publisher' with the following arguments: {'ament_cmake_args': None, 'build_base': '/home/theo/Capstone_communication/build/coordinate_publisher', 'catkin_cmake_args': None, 'catkin_skip_building_tests': False, 'cmake_args': None, 'cmake_clean_cache': False, 'cmake_clean_first': False, 'cmake_force_configure': False, 'cmake_target': None, 'cmake_target_skip_unavailable': False, 'install_base': '/home/theo/Capstone_communication/install/coordinate_publisher', 'merge_install': False, 'path': '/home/theo/Capstone_communication/src/coordinate_publisher', 'symlink_install': False, 'test_result_base': None}
[2.024s] Level 5:colcon.colcon_core.verb:set package 'mqtt_subscriber' build argument 'cmake_args' from command line to 'None'
[2.024s] Level 5:colcon.colcon_core.verb:set package 'mqtt_subscriber' build argument 'cmake_target' from command line to 'None'
[2.024s] Level 5:colcon.colcon_core.verb:set package 'mqtt_subscriber' build argument 'cmake_target_skip_unavailable' from command line to 'False'
[2.024s] Level 5:colcon.colcon_core.verb:set package 'mqtt_subscriber' build argument 'cmake_clean_cache' from command line to 'False'
[2.024s] Level 5:colcon.colcon_core.verb:set package 'mqtt_subscriber' build argument 'cmake_clean_first' from command line to 'False'
[2.024s] Level 5:colcon.colcon_core.verb:set package 'mqtt_subscriber' build argument 'cmake_force_configure' from command line to 'False'
[2.024s] Level 5:colcon.colcon_core.verb:set package 'mqtt_subscriber' build argument 'ament_cmake_args' from command line to 'None'
[2.024s] Level 5:colcon.colcon_core.verb:set package 'mqtt_subscriber' build argument 'catkin_cmake_args' from command line to 'None'
[2.025s] Level 5:colcon.colcon_core.verb:set package 'mqtt_subscriber' build argument 'catkin_skip_building_tests' from command line to 'False'
[2.025s] DEBUG:colcon.colcon_core.verb:Building package 'mqtt_subscriber' with the following arguments: {'ament_cmake_args': None, 'build_base': '/home/theo/Capstone_communication/build/mqtt_subscriber', 'catkin_cmake_args': None, 'catkin_skip_building_tests': False, 'cmake_args': None, 'cmake_clean_cache': False, 'cmake_clean_first': False, 'cmake_force_configure': False, 'cmake_target': None, 'cmake_target_skip_unavailable': False, 'install_base': '/home/theo/Capstone_communication/install/mqtt_subscriber', 'merge_install': False, 'path': '/home/theo/Capstone_communication/src/mqtt_subscriber', 'symlink_install': False, 'test_result_base': None}
[2.025s] INFO:colcon.colcon_core.executor:Executing jobs using 'parallel' executor
[2.029s] DEBUG:colcon.colcon_parallel_executor.executor.parallel:run_until_complete
[2.030s] INFO:colcon.colcon_ros.task.ament_python.build:Building ROS package in '/home/theo/Capstone_communication/src/coordinate_publisher' with build type 'ament_python'
[2.030s] Level 1:colcon.colcon_core.shell:create_environment_hook('coordinate_publisher', 'ament_prefix_path')
[2.046s] INFO:colcon.colcon_core.plugin_system:Skipping extension 'colcon_core.shell.bat': Not used on non-Windows systems
[2.048s] INFO:colcon.colcon_core.shell:Creating environment hook '/home/theo/Capstone_communication/install/coordinate_publisher/share/coordinate_publisher/hook/ament_prefix_path.ps1'
[2.052s] INFO:colcon.colcon_core.shell:Creating environment descriptor '/home/theo/Capstone_communication/install/coordinate_publisher/share/coordinate_publisher/hook/ament_prefix_path.dsv'
[2.056s] INFO:colcon.colcon_core.shell:Creating environment hook '/home/theo/Capstone_communication/install/coordinate_publisher/share/coordinate_publisher/hook/ament_prefix_path.sh'
[2.062s] INFO:colcon.colcon_core.shell:Skip shell extension 'powershell' for command environment: Not usable outside of PowerShell
[2.062s] DEBUG:colcon.colcon_core.shell:Skip shell extension 'dsv' for command environment
[2.084s] INFO:colcon.colcon_ros.task.ament_python.build:Building ROS package in '/home/theo/Capstone_communication/src/mqtt_subscriber' with build type 'ament_python'
[2.085s] Level 1:colcon.colcon_core.shell:create_environment_hook('mqtt_subscriber', 'ament_prefix_path')
[2.086s] INFO:colcon.colcon_core.shell:Creating environment hook '/home/theo/Capstone_communication/install/mqtt_subscriber/share/mqtt_subscriber/hook/ament_prefix_path.ps1'
[2.089s] INFO:colcon.colcon_core.shell:Creating environment descriptor '/home/theo/Capstone_communication/install/mqtt_subscriber/share/mqtt_subscriber/hook/ament_prefix_path.dsv'
[2.091s] INFO:colcon.colcon_core.shell:Creating environment hook '/home/theo/Capstone_communication/install/mqtt_subscriber/share/mqtt_subscriber/hook/ament_prefix_path.sh'
[2.094s] INFO:colcon.colcon_core.shell:Skip shell extension 'powershell' for command environment: Not usable outside of PowerShell
[2.095s] DEBUG:colcon.colcon_core.shell:Skip shell extension 'dsv' for command environment
[3.298s] INFO:colcon.colcon_core.task.python.build:Building Python package in '/home/theo/Capstone_communication/src/coordinate_publisher'
[3.299s] INFO:colcon.colcon_core.shell:Skip shell extension 'powershell' for command environment: Not usable outside of PowerShell
[3.299s] DEBUG:colcon.colcon_core.shell:Skip shell extension 'dsv' for command environment
[4.501s] WARNING:colcon.colcon_ros.task.ament_python.build:Package 'mqtt_subscriber' doesn't explicitly install a marker in the package index (colcon-ros currently does it implicitly but that fallback will be removed in the future)
[4.502s] WARNING:colcon.colcon_ros.task.ament_python.build:Package 'mqtt_subscriber' doesn't explicitly install the 'package.xml' file (colcon-ros currently does it implicitly but that fallback will be removed in the future)
[4.504s] INFO:colcon.colcon_core.task.python.build:Building Python package in '/home/theo/Capstone_communication/src/mqtt_subscriber'
[4.505s] INFO:colcon.colcon_core.shell:Skip shell extension 'powershell' for command environment: Not usable outside of PowerShell
[4.505s] DEBUG:colcon.colcon_core.shell:Skip shell extension 'dsv' for command environment
[6.840s] DEBUG:colcon.colcon_core.event_handler.log_command:Invoking command in '/home/theo/Capstone_communication/src/coordinate_publisher': PYTHONPATH=/home/theo/Capstone_communication/build/coordinate_publisher/prefix_override:/home/theo/Capstone_communication/install/coordinate_publisher/lib/python3.10/site-packages:${PYTHONPATH} /usr/bin/python3 -W ignore:setup.py install is deprecated setup.py egg_info --egg-base ../../build/coordinate_publisher build --build-base /home/theo/Capstone_communication/build/coordinate_publisher/build install --record /home/theo/Capstone_communication/build/coordinate_publisher/install.log --single-version-externally-managed install_data
[6.869s] DEBUG:colcon.colcon_core.event_handler.log_command:Invoking command in '/home/theo/Capstone_communication/src/mqtt_subscriber': PYTHONPATH=/home/theo/Capstone_communication/build/mqtt_subscriber/prefix_override:/home/theo/Capstone_communication/install/mqtt_subscriber/lib/python3.10/site-packages:${PYTHONPATH} /usr/bin/python3 -W ignore:setup.py install is deprecated setup.py egg_info --egg-base ../../build/mqtt_subscriber build --build-base /home/theo/Capstone_communication/build/mqtt_subscriber/build install --record /home/theo/Capstone_communication/build/mqtt_subscriber/install.log --single-version-externally-managed
[8.454s] DEBUG:colcon.colcon_core.event_handler.log_command:Invoked command in '/home/theo/Capstone_communication/src/coordinate_publisher' returned '0': PYTHONPATH=/home/theo/Capstone_communication/build/coordinate_publisher/prefix_override:/home/theo/Capstone_communication/install/coordinate_publisher/lib/python3.10/site-packages:${PYTHONPATH} /usr/bin/python3 -W ignore:setup.py install is deprecated setup.py egg_info --egg-base ../../build/coordinate_publisher build --build-base /home/theo/Capstone_communication/build/coordinate_publisher/build install --record /home/theo/Capstone_communication/build/coordinate_publisher/install.log --single-version-externally-managed install_data
[8.481s] Level 1:colcon.colcon_core.environment:checking '/home/theo/Capstone_communication/install/coordinate_publisher' for CMake module files
[8.484s] Level 1:colcon.colcon_core.environment:checking '/home/theo/Capstone_communication/install/coordinate_publisher' for CMake config files
[8.488s] Level 1:colcon.colcon_core.environment:checking '/home/theo/Capstone_communication/install/coordinate_publisher/lib'
[8.489s] Level 1:colcon.colcon_core.environment:checking '/home/theo/Capstone_communication/install/coordinate_publisher/bin'
[8.490s] Level 1:colcon.colcon_core.environment:checking '/home/theo/Capstone_communication/install/coordinate_publisher/lib/pkgconfig/coordinate_publisher.pc'
[8.491s] Level 1:colcon.colcon_core.environment:checking '/home/theo/Capstone_communication/install/coordinate_publisher/lib/python3.10/site-packages'
[8.491s] Level 1:colcon.colcon_core.shell:create_environment_hook('coordinate_publisher', 'pythonpath')
[8.492s] INFO:colcon.colcon_core.shell:Creating environment hook '/home/theo/Capstone_communication/install/coordinate_publisher/share/coordinate_publisher/hook/pythonpath.ps1'
[8.494s] INFO:colcon.colcon_core.shell:Creating environment descriptor '/home/theo/Capstone_communication/install/coordinate_publisher/share/coordinate_publisher/hook/pythonpath.dsv'
[8.496s] INFO:colcon.colcon_core.shell:Creating environment hook '/home/theo/Capstone_communication/install/coordinate_publisher/share/coordinate_publisher/hook/pythonpath.sh'
[8.499s] Level 1:colcon.colcon_core.environment:checking '/home/theo/Capstone_communication/install/coordinate_publisher/bin'
[8.499s] Level 1:colcon.colcon_core.environment:create_environment_scripts_only(coordinate_publisher)
[8.500s] INFO:colcon.colcon_core.shell:Creating package script '/home/theo/Capstone_communication/install/coordinate_publisher/share/coordinate_publisher/package.ps1'
[8.505s] INFO:colcon.colcon_core.shell:Creating package descriptor '/home/theo/Capstone_communication/install/coordinate_publisher/share/coordinate_publisher/package.dsv'
[8.509s] INFO:colcon.colcon_core.shell:Creating package script '/home/theo/Capstone_communication/install/coordinate_publisher/share/coordinate_publisher/package.sh'
[8.515s] INFO:colcon.colcon_core.shell:Creating package script '/home/theo/Capstone_communication/install/coordinate_publisher/share/coordinate_publisher/package.bash'
[8.521s] INFO:colcon.colcon_core.shell:Creating package script '/home/theo/Capstone_communication/install/coordinate_publisher/share/coordinate_publisher/package.zsh'
[8.530s] Level 1:colcon.colcon_core.environment:create_file_with_runtime_dependencies(/home/theo/Capstone_communication/install/coordinate_publisher/share/colcon-core/packages/coordinate_publisher)
[8.536s] Level 1:colcon.colcon_core.environment:checking '/home/theo/Capstone_communication/install/mqtt_subscriber' for CMake module files
[8.539s] DEBUG:colcon.colcon_core.event_handler.log_command:Invoked command in '/home/theo/Capstone_communication/src/mqtt_subscriber' returned '0': PYTHONPATH=/home/theo/Capstone_communication/build/mqtt_subscriber/prefix_override:/home/theo/Capstone_communication/install/mqtt_subscriber/lib/python3.10/site-packages:${PYTHONPATH} /usr/bin/python3 -W ignore:setup.py install is deprecated setup.py egg_info --egg-base ../../build/mqtt_subscriber build --build-base /home/theo/Capstone_communication/build/mqtt_subscriber/build install --record /home/theo/Capstone_communication/build/mqtt_subscriber/install.log --single-version-externally-managed
[8.541s] Level 1:colcon.colcon_core.environment:checking '/home/theo/Capstone_communication/install/mqtt_subscriber' for CMake config files
[8.545s] Level 1:colcon.colcon_core.environment:checking '/home/theo/Capstone_communication/install/mqtt_subscriber/lib'
[8.545s] Level 1:colcon.colcon_core.environment:checking '/home/theo/Capstone_communication/install/mqtt_subscriber/bin'
[8.546s] Level 1:colcon.colcon_core.environment:checking '/home/theo/Capstone_communication/install/mqtt_subscriber/lib/pkgconfig/mqtt_subscriber.pc'
[8.547s] Level 1:colcon.colcon_core.environment:checking '/home/theo/Capstone_communication/install/mqtt_subscriber/lib/python3.10/site-packages'
[8.547s] Level 1:colcon.colcon_core.shell:create_environment_hook('mqtt_subscriber', 'pythonpath')
[8.548s] INFO:colcon.colcon_core.shell:Creating environment hook '/home/theo/Capstone_communication/install/mqtt_subscriber/share/mqtt_subscriber/hook/pythonpath.ps1'
[8.550s] INFO:colcon.colcon_core.shell:Creating environment descriptor '/home/theo/Capstone_communication/install/mqtt_subscriber/share/mqtt_subscriber/hook/pythonpath.dsv'
[8.552s] INFO:colcon.colcon_core.shell:Creating environment hook '/home/theo/Capstone_communication/install/mqtt_subscriber/share/mqtt_subscriber/hook/pythonpath.sh'
[8.555s] Level 1:colcon.colcon_core.environment:checking '/home/theo/Capstone_communication/install/mqtt_subscriber/bin'
[8.555s] Level 1:colcon.colcon_core.environment:create_environment_scripts_only(mqtt_subscriber)
[8.556s] INFO:colcon.colcon_core.shell:Creating package script '/home/theo/Capstone_communication/install/mqtt_subscriber/share/mqtt_subscriber/package.ps1'
[8.558s] INFO:colcon.colcon_core.shell:Creating package descriptor '/home/theo/Capstone_communication/install/mqtt_subscriber/share/mqtt_subscriber/package.dsv'
[8.561s] INFO:colcon.colcon_core.shell:Creating package script '/home/theo/Capstone_communication/install/mqtt_subscriber/share/mqtt_subscriber/package.sh'
[8.563s] INFO:colcon.colcon_core.shell:Creating package script '/home/theo/Capstone_communication/install/mqtt_subscriber/share/mqtt_subscriber/package.bash'
[8.565s] INFO:colcon.colcon_core.shell:Creating package script '/home/theo/Capstone_communication/install/mqtt_subscriber/share/mqtt_subscriber/package.zsh'
[8.566s] Level 1:colcon.colcon_core.environment:create_file_with_runtime_dependencies(/home/theo/Capstone_communication/install/mqtt_subscriber/share/colcon-core/packages/mqtt_subscriber)
[8.567s] DEBUG:colcon.colcon_parallel_executor.executor.parallel:closing loop
[8.569s] DEBUG:colcon.colcon_parallel_executor.executor.parallel:loop closed
[8.569s] DEBUG:colcon.colcon_parallel_executor.executor.parallel:run_until_complete finished with '0'
[8.570s] DEBUG:colcon.colcon_core.event_reactor:joining thread
[8.596s] INFO:colcon.colcon_core.plugin_system:Skipping extension 'colcon_notification.desktop_notification.notify_send': Could not find 'notify-send'
[8.597s] INFO:colcon.colcon_core.plugin_system:Skipping extension 'colcon_notification.desktop_notification.terminal_notifier': Not used on non-Darwin systems
[8.597s] INFO:colcon.colcon_core.plugin_system:Skipping extension 'colcon_notification.desktop_notification.win32': Not used on non-Windows systems
[8.597s] INFO:colcon.colcon_notification.desktop_notification:Sending desktop notification using 'notify2'
[8.688s] DEBUG:colcon.colcon_notification.desktop_notification.notify2:Failed to initialize notify2: org.freedesktop.DBus.Error.ServiceUnknown: The name org.freedesktop.Notifications was not provided by any .service files
[8.689s] DEBUG:colcon.colcon_core.event_reactor:joined thread
[8.691s] INFO:colcon.colcon_core.shell:Creating prefix script '/home/theo/Capstone_communication/install/local_setup.ps1'
[8.697s] INFO:colcon.colcon_core.shell:Creating prefix util module '/home/theo/Capstone_communication/install/_local_setup_util_ps1.py'
[8.705s] INFO:colcon.colcon_core.shell:Creating prefix chain script '/home/theo/Capstone_communication/install/setup.ps1'
[8.712s] INFO:colcon.colcon_core.shell:Creating prefix script '/home/theo/Capstone_communication/install/local_setup.sh'
[8.716s] INFO:colcon.colcon_core.shell:Creating prefix util module '/home/theo/Capstone_communication/install/_local_setup_util_sh.py'
[8.718s] INFO:colcon.colcon_core.shell:Creating prefix chain script '/home/theo/Capstone_communication/install/setup.sh'
[8.725s] INFO:colcon.colcon_core.shell:Creating prefix script '/home/theo/Capstone_communication/install/local_setup.bash'
[8.729s] INFO:colcon.colcon_core.shell:Creating prefix chain script '/home/theo/Capstone_communication/install/setup.bash'
[8.736s] INFO:colcon.colcon_core.shell:Creating prefix script '/home/theo/Capstone_communication/install/local_setup.zsh'
[8.740s] INFO:colcon.colcon_core.shell:Creating prefix chain script '/home/theo/Capstone_communication/install/setup.zsh'
