[0.656s] Invoking command in '/home/theo/ros2_ws/build/mavros_launch': PYTHONPATH=/home/theo/ros2_ws/build/mavros_launch/prefix_override:/home/theo/ros2_ws/install/mavros_launch/lib/python3.10/site-packages:${PYTHONPATH} /usr/bin/python3 -W ignore:setup.py install is deprecated setup.py develop --editable --build-directory /home/theo/ros2_ws/build/mavros_launch/build --no-deps symlink_data
[0.938s] running develop
[0.938s] /home/theo/.local/lib/python3.10/site-packages/setuptools/command/develop.py:40: EasyInstallDeprecationWarning: easy_install command is deprecated.
[0.938s] !!
[0.938s] 
[0.938s]         ********************************************************************************
[0.938s]         Please avoid running ``setup.py`` and ``easy_install``.
[0.938s]         Instead, use pypa/build, pypa/installer or other
[0.938s]         standards-based tools.
[0.938s] 
[0.938s]         See https://github.com/pypa/setuptools/issues/917 for details.
[0.938s]         ********************************************************************************
[0.938s] 
[0.939s] !!
[0.939s]   easy_install.initialize_options(self)
[1.132s] running egg_info
[1.146s] writing mavros_launch.egg-info/PKG-INFO
[1.146s] writing dependency_links to mavros_launch.egg-info/dependency_links.txt
[1.146s] writing requirements to mavros_launch.egg-info/requires.txt
[1.147s] writing top-level names to mavros_launch.egg-info/top_level.txt
[1.174s] reading manifest file 'mavros_launch.egg-info/SOURCES.txt'
[1.175s] writing manifest file 'mavros_launch.egg-info/SOURCES.txt'
[1.189s] running build_ext
[1.189s] Creating /home/theo/ros2_ws/install/mavros_launch/lib/python3.10/site-packages/mavros-launch.egg-link (link to .)
[1.190s] 
[1.190s] Installed /home/theo/ros2_ws/build/mavros_launch
[1.190s] running symlink_data
[1.211s] Invoked command in '/home/theo/ros2_ws/build/mavros_launch' returned '0': PYTHONPATH=/home/theo/ros2_ws/build/mavros_launch/prefix_override:/home/theo/ros2_ws/install/mavros_launch/lib/python3.10/site-packages:${PYTHONPATH} /usr/bin/python3 -W ignore:setup.py install is deprecated setup.py develop --editable --build-directory /home/theo/ros2_ws/build/mavros_launch/build --no-deps symlink_data
