[0.149s] DEBUG:colcon:Command line arguments: ['/usr/bin/colcon', 'list', '-p', '--base-paths', '/home/theo/mqtt_subscriber']
[0.149s] DEBUG:colcon:Parsed command line arguments: Namespace(log_base=None, log_level=None, verb_name='list', build_base='build', ignore_user_meta=False, metas=['./colcon.meta'], base_paths=['/home/theo/mqtt_subscriber'], packages_ignore=None, packages_ignore_regex=None, paths=None, packages_up_to=None, packages_up_to_regex=None, packages_above=None, packages_above_and_dependencies=None, packages_above_depth=None, packages_select_by_dep=None, packages_skip_by_dep=None, packages_skip_up_to=None, packages_select_build_failed=False, packages_skip_build_finished=False, packages_select_test_failures=False, packages_skip_test_passed=False, packages_select=None, packages_skip=None, packages_select_regex=None, packages_skip_regex=None, packages_start=None, packages_end=None, allow_overriding=[], topological_order=False, names_only=False, paths_only=True, topological_graph=False, topological_graph_dot=False, topological_graph_density=False, topological_graph_legend=False, topological_graph_dot_cluster=False, topological_graph_dot_include_skipped=False, mixin_files=None, mixin=None, verb_parser=<colcon_mixin.mixin.mixin_argument.MixinArgumentDecorator object at 0x74eac52af640>, verb_extension=<colcon_package_information.verb.list.ListVerb object at 0x74eac543b130>, main=<bound method ListVerb.main of <colcon_package_information.verb.list.ListVerb object at 0x74eac543b130>>, mixin_verb=('list',))
[0.194s] Level 1:colcon.colcon_core.package_discovery:discover_packages(colcon_meta) check parameters
[0.194s] Level 1:colcon.colcon_core.package_discovery:discover_packages(recursive) check parameters
[0.194s] Level 1:colcon.colcon_core.package_discovery:discover_packages(ignore) check parameters
[0.194s] Level 1:colcon.colcon_core.package_discovery:discover_packages(path) check parameters
[0.194s] Level 1:colcon.colcon_core.package_discovery:discover_packages(recursive) discover
[0.194s] INFO:colcon.colcon_core.package_discovery:Crawling recursively for packages in '/home/theo/mqtt_subscriber'
[0.194s] Level 1:colcon.colcon_core.package_identification:_identify(/home/theo/mqtt_subscriber) by extensions ['ignore', 'ignore_ament_install']
[0.194s] Level 1:colcon.colcon_core.package_identification:_identify(/home/theo/mqtt_subscriber) by extension 'ignore'
[0.194s] Level 1:colcon.colcon_core.package_identification:_identify(/home/theo/mqtt_subscriber) by extension 'ignore_ament_install'
[0.194s] Level 1:colcon.colcon_core.package_identification:_identify(/home/theo/mqtt_subscriber) by extensions ['colcon_pkg']
[0.194s] Level 1:colcon.colcon_core.package_identification:_identify(/home/theo/mqtt_subscriber) by extension 'colcon_pkg'
[0.195s] Level 1:colcon.colcon_core.package_identification:_identify(/home/theo/mqtt_subscriber) by extensions ['colcon_meta']
[0.195s] Level 1:colcon.colcon_core.package_identification:_identify(/home/theo/mqtt_subscriber) by extension 'colcon_meta'
[0.195s] Level 1:colcon.colcon_core.package_identification:_identify(/home/theo/mqtt_subscriber) by extensions ['ros']
[0.195s] Level 1:colcon.colcon_core.package_identification:_identify(/home/theo/mqtt_subscriber) by extension 'ros'
[0.210s] Level 1:colcon.colcon_core.package_identification:_identify(/home/theo/mqtt_subscriber) by extensions ['cmake', 'python']
[0.210s] Level 1:colcon.colcon_core.package_identification:_identify(/home/theo/mqtt_subscriber) by extension 'cmake'
[0.211s] Level 1:colcon.colcon_core.package_identification:_identify(/home/theo/mqtt_subscriber) by extension 'python'
[0.211s] Level 1:colcon.colcon_core.package_identification:_identify(/home/theo/mqtt_subscriber) by extensions ['python_setup_py']
[0.211s] Level 1:colcon.colcon_core.package_identification:_identify(/home/theo/mqtt_subscriber) by extension 'python_setup_py'
[0.211s] Level 1:colcon.colcon_core.package_identification:_identify(/home/theo/mqtt_subscriber/build) by extensions ['ignore', 'ignore_ament_install']
[0.211s] Level 1:colcon.colcon_core.package_identification:_identify(/home/theo/mqtt_subscriber/build) by extension 'ignore'
[0.211s] Level 1:colcon.colcon_core.package_identification:_identify(/home/theo/mqtt_subscriber/build) ignored
[0.211s] Level 1:colcon.colcon_core.package_identification:_identify(/home/theo/mqtt_subscriber/install) by extensions ['ignore', 'ignore_ament_install']
[0.211s] Level 1:colcon.colcon_core.package_identification:_identify(/home/theo/mqtt_subscriber/install) by extension 'ignore'
[0.212s] Level 1:colcon.colcon_core.package_identification:_identify(/home/theo/mqtt_subscriber/install) ignored
[0.212s] Level 1:colcon.colcon_core.package_identification:_identify(/home/theo/mqtt_subscriber/log) by extensions ['ignore', 'ignore_ament_install']
[0.212s] Level 1:colcon.colcon_core.package_identification:_identify(/home/theo/mqtt_subscriber/log) by extension 'ignore'
[0.212s] Level 1:colcon.colcon_core.package_identification:_identify(/home/theo/mqtt_subscriber/log) ignored
[0.212s] Level 1:colcon.colcon_core.package_identification:_identify(/home/theo/mqtt_subscriber/src) by extensions ['ignore', 'ignore_ament_install']
[0.212s] Level 1:colcon.colcon_core.package_identification:_identify(/home/theo/mqtt_subscriber/src) by extension 'ignore'
[0.212s] Level 1:colcon.colcon_core.package_identification:_identify(/home/theo/mqtt_subscriber/src) by extension 'ignore_ament_install'
[0.212s] Level 1:colcon.colcon_core.package_identification:_identify(/home/theo/mqtt_subscriber/src) by extensions ['colcon_pkg']
[0.212s] Level 1:colcon.colcon_core.package_identification:_identify(/home/theo/mqtt_subscriber/src) by extension 'colcon_pkg'
[0.213s] Level 1:colcon.colcon_core.package_identification:_identify(/home/theo/mqtt_subscriber/src) by extensions ['colcon_meta']
[0.213s] Level 1:colcon.colcon_core.package_identification:_identify(/home/theo/mqtt_subscriber/src) by extension 'colcon_meta'
[0.213s] Level 1:colcon.colcon_core.package_identification:_identify(/home/theo/mqtt_subscriber/src) by extensions ['ros']
[0.213s] Level 1:colcon.colcon_core.package_identification:_identify(/home/theo/mqtt_subscriber/src) by extension 'ros'
[0.213s] Level 1:colcon.colcon_core.package_identification:_identify(/home/theo/mqtt_subscriber/src) by extensions ['cmake', 'python']
[0.213s] Level 1:colcon.colcon_core.package_identification:_identify(/home/theo/mqtt_subscriber/src) by extension 'cmake'
[0.213s] Level 1:colcon.colcon_core.package_identification:_identify(/home/theo/mqtt_subscriber/src) by extension 'python'
[0.213s] Level 1:colcon.colcon_core.package_identification:_identify(/home/theo/mqtt_subscriber/src) by extensions ['python_setup_py']
[0.213s] Level 1:colcon.colcon_core.package_identification:_identify(/home/theo/mqtt_subscriber/src) by extension 'python_setup_py'
[0.213s] Level 1:colcon.colcon_core.package_identification:_identify(/home/theo/mqtt_subscriber/src/mqtt_subscriber) by extensions ['ignore', 'ignore_ament_install']
[0.213s] Level 1:colcon.colcon_core.package_identification:_identify(/home/theo/mqtt_subscriber/src/mqtt_subscriber) by extension 'ignore'
[0.213s] Level 1:colcon.colcon_core.package_identification:_identify(/home/theo/mqtt_subscriber/src/mqtt_subscriber) by extension 'ignore_ament_install'
[0.214s] Level 1:colcon.colcon_core.package_identification:_identify(/home/theo/mqtt_subscriber/src/mqtt_subscriber) by extensions ['colcon_pkg']
[0.214s] Level 1:colcon.colcon_core.package_identification:_identify(/home/theo/mqtt_subscriber/src/mqtt_subscriber) by extension 'colcon_pkg'
[0.214s] Level 1:colcon.colcon_core.package_identification:_identify(/home/theo/mqtt_subscriber/src/mqtt_subscriber) by extensions ['colcon_meta']
[0.214s] Level 1:colcon.colcon_core.package_identification:_identify(/home/theo/mqtt_subscriber/src/mqtt_subscriber) by extension 'colcon_meta'
[0.214s] Level 1:colcon.colcon_core.package_identification:_identify(/home/theo/mqtt_subscriber/src/mqtt_subscriber) by extensions ['ros']
[0.214s] Level 1:colcon.colcon_core.package_identification:_identify(/home/theo/mqtt_subscriber/src/mqtt_subscriber) by extension 'ros'
[0.217s] DEBUG:colcon.colcon_core.package_identification:Package '/home/theo/mqtt_subscriber/src/mqtt_subscriber' with type 'ros.ament_python' and name 'mqtt_subscriber'
[0.217s] Level 1:colcon.colcon_core.package_discovery:discover_packages(recursive) using defaults
