[0.668s] Invoking command in '/home/theo/ros2_ws/build/mavros_launch': PYTHONPATH=/home/theo/ros2_ws/build/mavros_launch/prefix_override:/home/theo/ros2_ws/install/mavros_launch/lib/python3.10/site-packages:${PYTHONPATH} /usr/bin/python3 -W ignore:setup.py install is deprecated setup.py develop --editable --build-directory /home/theo/ros2_ws/build/mavros_launch/build --no-deps symlink_data
[0.956s] running develop
[0.956s] /home/theo/.local/lib/python3.10/site-packages/setuptools/command/develop.py:40: EasyInstallDeprecationWarning: easy_install command is deprecated.
[0.956s] !!
[0.956s] 
[0.956s]         ********************************************************************************
[0.956s]         Please avoid running ``setup.py`` and ``easy_install``.
[0.957s]         Instead, use pypa/build, pypa/installer or other
[0.957s]         standards-based tools.
[0.957s] 
[0.957s]         See https://github.com/pypa/setuptools/issues/917 for details.
[0.957s]         ********************************************************************************
[0.957s] 
[0.957s] !!
[0.957s]   easy_install.initialize_options(self)
[1.152s] running egg_info
[1.165s] writing mavros_launch.egg-info/PKG-INFO
[1.166s] writing dependency_links to mavros_launch.egg-info/dependency_links.txt
[1.166s] writing requirements to mavros_launch.egg-info/requires.txt
[1.166s] writing top-level names to mavros_launch.egg-info/top_level.txt
[1.195s] reading manifest file 'mavros_launch.egg-info/SOURCES.txt'
[1.195s] writing manifest file 'mavros_launch.egg-info/SOURCES.txt'
[1.210s] running build_ext
[1.211s] Creating /home/theo/ros2_ws/install/mavros_launch/lib/python3.10/site-packages/mavros-launch.egg-link (link to .)
[1.211s] 
[1.211s] Installed /home/theo/ros2_ws/build/mavros_launch
[1.211s] running symlink_data
[1.211s] symbolically linking /home/theo/ros2_ws/build/mavros_launch/launch/node.launch.py -> /home/theo/ros2_ws/install/mavros_launch/share/mavros_launch
[1.233s] Invoked command in '/home/theo/ros2_ws/build/mavros_launch' returned '0': PYTHONPATH=/home/theo/ros2_ws/build/mavros_launch/prefix_override:/home/theo/ros2_ws/install/mavros_launch/lib/python3.10/site-packages:${PYTHONPATH} /usr/bin/python3 -W ignore:setup.py install is deprecated setup.py develop --editable --build-directory /home/theo/ros2_ws/build/mavros_launch/build --no-deps symlink_data
