[3.318s] Invoking command in '/home/theo/Capstone_communication/src/coordinate_publisher': PYTHONPATH=/home/theo/Capstone_communication/build/coordinate_publisher/prefix_override:/home/theo/Capstone_communication/install/coordinate_publisher/lib/python3.10/site-packages:${PYTHONPATH} /usr/bin/python3 -W ignore:setup.py install is deprecated setup.py egg_info --egg-base ../../build/coordinate_publisher build --build-base /home/theo/Capstone_communication/build/coordinate_publisher/build install --record /home/theo/Capstone_communication/build/coordinate_publisher/install.log --single-version-externally-managed install_data
[4.424s] running egg_info
[4.427s] creating ../../build/coordinate_publisher/coordinate_publisher.egg-info
[4.428s] writing ../../build/coordinate_publisher/coordinate_publisher.egg-info/PKG-INFO
[4.429s] writing dependency_links to ../../build/coordinate_publisher/coordinate_publisher.egg-info/dependency_links.txt
[4.430s] writing entry points to ../../build/coordinate_publisher/coordinate_publisher.egg-info/entry_points.txt
[4.430s] writing requirements to ../../build/coordinate_publisher/coordinate_publisher.egg-info/requires.txt
[4.431s] writing top-level names to ../../build/coordinate_publisher/coordinate_publisher.egg-info/top_level.txt
[4.432s] writing manifest file '../../build/coordinate_publisher/coordinate_publisher.egg-info/SOURCES.txt'
[4.439s] reading manifest file '../../build/coordinate_publisher/coordinate_publisher.egg-info/SOURCES.txt'
[4.442s] writing manifest file '../../build/coordinate_publisher/coordinate_publisher.egg-info/SOURCES.txt'
[4.443s] running build
[4.444s] running build_py
[4.444s] creating /home/theo/Capstone_communication/build/coordinate_publisher/build
[4.445s] creating /home/theo/Capstone_communication/build/coordinate_publisher/build/lib
[4.445s] creating /home/theo/Capstone_communication/build/coordinate_publisher/build/lib/coordinate_publisher
[4.446s] copying coordinate_publisher/__init__.py -> /home/theo/Capstone_communication/build/coordinate_publisher/build/lib/coordinate_publisher
[4.446s] copying coordinate_publisher/publisher.py -> /home/theo/Capstone_communication/build/coordinate_publisher/build/lib/coordinate_publisher
[4.447s] running install
[4.448s] running install_lib
[4.451s] creating /home/theo/Capstone_communication/install/coordinate_publisher/lib/python3.10/site-packages/coordinate_publisher
[4.451s] copying /home/theo/Capstone_communication/build/coordinate_publisher/build/lib/coordinate_publisher/__init__.py -> /home/theo/Capstone_communication/install/coordinate_publisher/lib/python3.10/site-packages/coordinate_publisher
[4.452s] copying /home/theo/Capstone_communication/build/coordinate_publisher/build/lib/coordinate_publisher/publisher.py -> /home/theo/Capstone_communication/install/coordinate_publisher/lib/python3.10/site-packages/coordinate_publisher
[4.455s] byte-compiling /home/theo/Capstone_communication/install/coordinate_publisher/lib/python3.10/site-packages/coordinate_publisher/__init__.py to __init__.cpython-310.pyc
[4.456s] byte-compiling /home/theo/Capstone_communication/install/coordinate_publisher/lib/python3.10/site-packages/coordinate_publisher/publisher.py to publisher.cpython-310.pyc
[4.457s] running install_data
[4.458s] creating /home/theo/Capstone_communication/install/coordinate_publisher/share/ament_index
[4.458s] creating /home/theo/Capstone_communication/install/coordinate_publisher/share/ament_index/resource_index
[4.458s] creating /home/theo/Capstone_communication/install/coordinate_publisher/share/ament_index/resource_index/packages
[4.459s] copying resource/coordinate_publisher -> /home/theo/Capstone_communication/install/coordinate_publisher/share/ament_index/resource_index/packages
[4.459s] copying package.xml -> /home/theo/Capstone_communication/install/coordinate_publisher/share/coordinate_publisher
[4.460s] running install_egg_info
[4.467s] Copying ../../build/coordinate_publisher/coordinate_publisher.egg-info to /home/theo/Capstone_communication/install/coordinate_publisher/lib/python3.10/site-packages/coordinate_publisher-0.0.0-py3.10.egg-info
[4.474s] running install_scripts
[4.554s] Installing coordinate_publisher script to /home/theo/Capstone_communication/install/coordinate_publisher/lib/coordinate_publisher
[4.555s] writing list of installed files to '/home/theo/Capstone_communication/build/coordinate_publisher/install.log'
[4.673s] Invoked command in '/home/theo/Capstone_communication/src/coordinate_publisher' returned '0': PYTHONPATH=/home/theo/Capstone_communication/build/coordinate_publisher/prefix_override:/home/theo/Capstone_communication/install/coordinate_publisher/lib/python3.10/site-packages:${PYTHONPATH} /usr/bin/python3 -W ignore:setup.py install is deprecated setup.py egg_info --egg-base ../../build/coordinate_publisher build --build-base /home/theo/Capstone_communication/build/coordinate_publisher/build install --record /home/theo/Capstone_communication/build/coordinate_publisher/install.log --single-version-externally-managed install_data
