running develop
/home/theo/.local/lib/python3.10/site-packages/setuptools/command/develop.py:40: EasyInstallDeprecationWarning: easy_install command is deprecated.
!!

        ********************************************************************************
        Please avoid running ``setup.py`` and ``easy_install``.
        Instead, use pypa/build, pypa/installer or other
        standards-based tools.

        See https://github.com/pypa/setuptools/issues/917 for details.
        ********************************************************************************

!!
  easy_install.initialize_options(self)
running egg_info
writing mavros_launch.egg-info/PKG-INFO
writing dependency_links to mavros_launch.egg-info/dependency_links.txt
writing requirements to mavros_launch.egg-info/requires.txt
writing top-level names to mavros_launch.egg-info/top_level.txt
reading manifest file 'mavros_launch.egg-info/SOURCES.txt'
writing manifest file 'mavros_launch.egg-info/SOURCES.txt'
running build_ext
Creating /home/theo/ros2_ws/install/mavros_launch/lib/python3.10/site-packages/mavros-launch.egg-link (link to .)

Installed /home/theo/ros2_ws/build/mavros_launch
running symlink_data
symbolically linking /home/theo/ros2_ws/build/mavros_launch/launch/px4.launch.py -> /home/theo/ros2_ws/install/mavros_launch/share/mavros_launch
