[0.681s] Invoking command in '/home/theo/ros2_ws/build/mavros_launch': PYTHONPATH=/home/theo/ros2_ws/build/mavros_launch/prefix_override:/home/theo/ros2_ws/install/mavros_launch/lib/python3.10/site-packages:${PYTHONPATH} /usr/bin/python3 -W ignore:setup.py install is deprecated setup.py develop --editable --build-directory /home/theo/ros2_ws/build/mavros_launch/build --no-deps symlink_data
[1.016s] running develop
[1.016s] /home/theo/.local/lib/python3.10/site-packages/setuptools/command/develop.py:40: EasyInstallDeprecationWarning: easy_install command is deprecated.
[1.016s] !!
[1.016s] 
[1.016s]         ********************************************************************************
[1.016s]         Please avoid running ``setup.py`` and ``easy_install``.
[1.016s]         Instead, use pypa/build, pypa/installer or other
[1.016s]         standards-based tools.
[1.017s] 
[1.017s]         See https://github.com/pypa/setuptools/issues/917 for details.
[1.017s]         ********************************************************************************
[1.017s] 
[1.017s] !!
[1.017s]   easy_install.initialize_options(self)
[1.239s] running egg_info
[1.253s] writing mavros_launch.egg-info/PKG-INFO
[1.253s] writing dependency_links to mavros_launch.egg-info/dependency_links.txt
[1.254s] writing requirements to mavros_launch.egg-info/requires.txt
[1.254s] writing top-level names to mavros_launch.egg-info/top_level.txt
[1.283s] reading manifest file 'mavros_launch.egg-info/SOURCES.txt'
[1.284s] writing manifest file 'mavros_launch.egg-info/SOURCES.txt'
[1.299s] running build_ext
[1.299s] Creating /home/theo/ros2_ws/install/mavros_launch/lib/python3.10/site-packages/mavros-launch.egg-link (link to .)
[1.300s] 
[1.300s] Installed /home/theo/ros2_ws/build/mavros_launch
[1.300s] running symlink_data
[1.323s] Invoked command in '/home/theo/ros2_ws/build/mavros_launch' returned '0': PYTHONPATH=/home/theo/ros2_ws/build/mavros_launch/prefix_override:/home/theo/ros2_ws/install/mavros_launch/lib/python3.10/site-packages:${PYTHONPATH} /usr/bin/python3 -W ignore:setup.py install is deprecated setup.py develop --editable --build-directory /home/theo/ros2_ws/build/mavros_launch/build --no-deps symlink_data
