[4.409s] Invoking command in '/home/theo/Capstone_communication/src/coordinate_publisher': PYTHONPATH=/home/theo/Capstone_communication/build/coordinate_publisher/prefix_override:/home/theo/Capstone_communication/install/coordinate_publisher/lib/python3.10/site-packages:${PYTHONPATH} /usr/bin/python3 -W ignore:setup.py install is deprecated setup.py egg_info --egg-base ../../build/coordinate_publisher build --build-base /home/theo/Capstone_communication/build/coordinate_publisher/build install --record /home/theo/Capstone_communication/build/coordinate_publisher/install.log --single-version-externally-managed install_data
[5.645s] running egg_info
[5.648s] writing ../../build/coordinate_publisher/coordinate_publisher.egg-info/PKG-INFO
[5.650s] writing dependency_links to ../../build/coordinate_publisher/coordinate_publisher.egg-info/dependency_links.txt
[5.651s] writing entry points to ../../build/coordinate_publisher/coordinate_publisher.egg-info/entry_points.txt
[5.652s] writing requirements to ../../build/coordinate_publisher/coordinate_publisher.egg-info/requires.txt
[5.653s] writing top-level names to ../../build/coordinate_publisher/coordinate_publisher.egg-info/top_level.txt
[5.662s] reading manifest file '../../build/coordinate_publisher/coordinate_publisher.egg-info/SOURCES.txt'
[5.667s] writing manifest file '../../build/coordinate_publisher/coordinate_publisher.egg-info/SOURCES.txt'
[5.668s] running build
[5.669s] running build_py
[5.669s] copying coordinate_publisher/publisher.py -> /home/theo/Capstone_communication/build/coordinate_publisher/build/lib/coordinate_publisher
[5.670s] running install
[5.672s] running install_lib
[5.676s] copying /home/theo/Capstone_communication/build/coordinate_publisher/build/lib/coordinate_publisher/publisher.py -> /home/theo/Capstone_communication/install/coordinate_publisher/lib/python3.10/site-packages/coordinate_publisher
[5.679s] byte-compiling /home/theo/Capstone_communication/install/coordinate_publisher/lib/python3.10/site-packages/coordinate_publisher/publisher.py to publisher.cpython-310.pyc
[5.683s] running install_data
[5.684s] running install_egg_info
[5.693s] removing '/home/theo/Capstone_communication/install/coordinate_publisher/lib/python3.10/site-packages/coordinate_publisher-0.0.0-py3.10.egg-info' (and everything under it)
[5.695s] Copying ../../build/coordinate_publisher/coordinate_publisher.egg-info to /home/theo/Capstone_communication/install/coordinate_publisher/lib/python3.10/site-packages/coordinate_publisher-0.0.0-py3.10.egg-info
[5.702s] running install_scripts
[5.811s] Installing coordinate_publisher script to /home/theo/Capstone_communication/install/coordinate_publisher/lib/coordinate_publisher
[5.814s] writing list of installed files to '/home/theo/Capstone_communication/build/coordinate_publisher/install.log'
[6.005s] Invoked command in '/home/theo/Capstone_communication/src/coordinate_publisher' returned '0': PYTHONPATH=/home/theo/Capstone_communication/build/coordinate_publisher/prefix_override:/home/theo/Capstone_communication/install/coordinate_publisher/lib/python3.10/site-packages:${PYTHONPATH} /usr/bin/python3 -W ignore:setup.py install is deprecated setup.py egg_info --egg-base ../../build/coordinate_publisher build --build-base /home/theo/Capstone_communication/build/coordinate_publisher/build install --record /home/theo/Capstone_communication/build/coordinate_publisher/install.log --single-version-externally-managed install_data
