[0.609s] DEBUG:colcon:Command line arguments: ['/usr/bin/colcon', 'build']
[0.609s] DEBUG:colcon:Parsed command line arguments: Namespace(log_base=None, log_level=None, verb_name='build', build_base='build', install_base='install', merge_install=False, symlink_install=False, test_result_base=None, continue_on_error=False, executor='parallel', parallel_workers=4, event_handlers=None, ignore_user_meta=False, metas=['./colcon.meta'], base_paths=['.'], packages_ignore=None, packages_ignore_regex=None, paths=None, packages_up_to=None, packages_up_to_regex=None, packages_above=None, packages_above_and_dependencies=None, packages_above_depth=None, packages_select_by_dep=None, packages_skip_by_dep=None, packages_skip_up_to=None, packages_select_build_failed=False, packages_skip_build_finished=False, packages_select_test_failures=False, packages_skip_test_passed=False, packages_select=None, packages_skip=None, packages_select_regex=None, packages_skip_regex=None, packages_start=None, packages_end=None, allow_overriding=[], cmake_args=None, cmake_target=None, cmake_target_skip_unavailable=False, cmake_clean_cache=False, cmake_clean_first=False, cmake_force_configure=False, ament_cmake_args=None, catkin_cmake_args=None, catkin_skip_building_tests=False, mixin_files=None, mixin=None, verb_parser=<colcon_mixin.mixin.mixin_argument.MixinArgumentDecorator object at 0xffff8c529c90>, verb_extension=<colcon_core.verb.build.BuildVerb object at 0xffff8c66a290>, main=<bound method BuildVerb.main of <colcon_core.verb.build.BuildVerb object at 0xffff8c66a290>>, mixin_verb=('build',))
[1.557s] Level 1:colcon.colcon_core.package_discovery:discover_packages(colcon_meta) check parameters
[1.558s] Level 1:colcon.colcon_core.package_discovery:discover_packages(recursive) check parameters
[1.558s] Level 1:colcon.colcon_core.package_discovery:discover_packages(ignore) check parameters
[1.558s] Level 1:colcon.colcon_core.package_discovery:discover_packages(path) check parameters
[1.559s] Level 1:colcon.colcon_core.package_discovery:discover_packages(colcon_meta) discover
[1.559s] Level 1:colcon.colcon_core.package_discovery:discover_packages(recursive) discover
[1.559s] INFO:colcon.colcon_core.package_discovery:Crawling recursively for packages in '/home/theo/Capstone_communication'
[1.560s] Level 1:colcon.colcon_core.package_identification:_identify(.) by extensions ['ignore', 'ignore_ament_install']
[1.560s] Level 1:colcon.colcon_core.package_identification:_identify(.) by extension 'ignore'
[1.560s] Level 1:colcon.colcon_core.package_identification:_identify(.) by extension 'ignore_ament_install'
[1.561s] Level 1:colcon.colcon_core.package_identification:_identify(.) by extensions ['colcon_pkg']
[1.561s] Level 1:colcon.colcon_core.package_identification:_identify(.) by extension 'colcon_pkg'
[1.561s] Level 1:colcon.colcon_core.package_identification:_identify(.) by extensions ['colcon_meta']
[1.561s] Level 1:colcon.colcon_core.package_identification:_identify(.) by extension 'colcon_meta'
[1.561s] Level 1:colcon.colcon_core.package_identification:_identify(.) by extensions ['ros']
[1.562s] Level 1:colcon.colcon_core.package_identification:_identify(.) by extension 'ros'
[1.627s] Level 1:colcon.colcon_core.package_identification:_identify(.) by extensions ['cmake', 'python']
[1.627s] Level 1:colcon.colcon_core.package_identification:_identify(.) by extension 'cmake'
[1.627s] Level 1:colcon.colcon_core.package_identification:_identify(.) by extension 'python'
[1.627s] Level 1:colcon.colcon_core.package_identification:_identify(.) by extensions ['python_setup_py']
[1.628s] Level 1:colcon.colcon_core.package_identification:_identify(.) by extension 'python_setup_py'
[1.628s] Level 1:colcon.colcon_core.package_identification:_identify(build) by extensions ['ignore', 'ignore_ament_install']
[1.629s] Level 1:colcon.colcon_core.package_identification:_identify(build) by extension 'ignore'
[1.629s] Level 1:colcon.colcon_core.package_identification:_identify(build) ignored
[1.629s] Level 1:colcon.colcon_core.package_identification:_identify(install) by extensions ['ignore', 'ignore_ament_install']
[1.630s] Level 1:colcon.colcon_core.package_identification:_identify(install) by extension 'ignore'
[1.630s] Level 1:colcon.colcon_core.package_identification:_identify(install) ignored
[1.631s] Level 1:colcon.colcon_core.package_identification:_identify(log) by extensions ['ignore', 'ignore_ament_install']
[1.631s] Level 1:colcon.colcon_core.package_identification:_identify(log) by extension 'ignore'
[1.631s] Level 1:colcon.colcon_core.package_identification:_identify(log) ignored
[1.632s] Level 1:colcon.colcon_core.package_identification:_identify(src) by extensions ['ignore', 'ignore_ament_install']
[1.632s] Level 1:colcon.colcon_core.package_identification:_identify(src) by extension 'ignore'
[1.632s] Level 1:colcon.colcon_core.package_identification:_identify(src) by extension 'ignore_ament_install'
[1.633s] Level 1:colcon.colcon_core.package_identification:_identify(src) by extensions ['colcon_pkg']
[1.633s] Level 1:colcon.colcon_core.package_identification:_identify(src) by extension 'colcon_pkg'
[1.633s] Level 1:colcon.colcon_core.package_identification:_identify(src) by extensions ['colcon_meta']
[1.633s] Level 1:colcon.colcon_core.package_identification:_identify(src) by extension 'colcon_meta'
[1.633s] Level 1:colcon.colcon_core.package_identification:_identify(src) by extensions ['ros']
[1.634s] Level 1:colcon.colcon_core.package_identification:_identify(src) by extension 'ros'
[1.634s] Level 1:colcon.colcon_core.package_identification:_identify(src) by extensions ['cmake', 'python']
[1.634s] Level 1:colcon.colcon_core.package_identification:_identify(src) by extension 'cmake'
[1.635s] Level 1:colcon.colcon_core.package_identification:_identify(src) by extension 'python'
[1.635s] Level 1:colcon.colcon_core.package_identification:_identify(src) by extensions ['python_setup_py']
[1.635s] Level 1:colcon.colcon_core.package_identification:_identify(src) by extension 'python_setup_py'
[1.636s] Level 1:colcon.colcon_core.package_identification:_identify(src/mqtt_subscriber) by extensions ['ignore', 'ignore_ament_install']
[1.636s] Level 1:colcon.colcon_core.package_identification:_identify(src/mqtt_subscriber) by extension 'ignore'
[1.636s] Level 1:colcon.colcon_core.package_identification:_identify(src/mqtt_subscriber) by extension 'ignore_ament_install'
[1.637s] Level 1:colcon.colcon_core.package_identification:_identify(src/mqtt_subscriber) by extensions ['colcon_pkg']
[1.637s] Level 1:colcon.colcon_core.package_identification:_identify(src/mqtt_subscriber) by extension 'colcon_pkg'
[1.637s] Level 1:colcon.colcon_core.package_identification:_identify(src/mqtt_subscriber) by extensions ['colcon_meta']
[1.637s] Level 1:colcon.colcon_core.package_identification:_identify(src/mqtt_subscriber) by extension 'colcon_meta'
[1.637s] Level 1:colcon.colcon_core.package_identification:_identify(src/mqtt_subscriber) by extensions ['ros']
[1.638s] Level 1:colcon.colcon_core.package_identification:_identify(src/mqtt_subscriber) by extension 'ros'
[1.648s] DEBUG:colcon.colcon_core.package_identification:Package 'src/mqtt_subscriber' with type 'ros.ament_python' and name 'mqtt_subscriber'
[1.649s] Level 1:colcon.colcon_core.package_discovery:discover_packages(recursive) using defaults
[1.649s] Level 1:colcon.colcon_core.package_discovery:discover_packages(ignore) discover
[1.649s] Level 1:colcon.colcon_core.package_discovery:discover_packages(ignore) using defaults
[1.649s] Level 1:colcon.colcon_core.package_discovery:discover_packages(path) discover
[1.649s] Level 1:colcon.colcon_core.package_discovery:discover_packages(path) using defaults
[1.750s] Level 1:colcon.colcon_core.package_discovery:discover_packages(prefix_path) check parameters
[1.750s] Level 1:colcon.colcon_core.package_discovery:discover_packages(prefix_path) discover
[1.764s] DEBUG:colcon.colcon_installed_package_information.package_discovery:Found 2 installed packages in /home/theo/Capstone_communication/install
[1.766s] DEBUG:colcon.colcon_installed_package_information.package_discovery:Found 1 installed packages in /home/theo/install
[1.778s] DEBUG:colcon.colcon_installed_package_information.package_discovery:Found 270 installed packages in /opt/ros/humble
[1.820s] Level 1:colcon.colcon_core.package_discovery:discover_packages(prefix_path) using defaults
[1.982s] Level 5:colcon.colcon_core.verb:set package 'mqtt_subscriber' build argument 'cmake_args' from command line to 'None'
[1.982s] Level 5:colcon.colcon_core.verb:set package 'mqtt_subscriber' build argument 'cmake_target' from command line to 'None'
[1.982s] Level 5:colcon.colcon_core.verb:set package 'mqtt_subscriber' build argument 'cmake_target_skip_unavailable' from command line to 'False'
[1.982s] Level 5:colcon.colcon_core.verb:set package 'mqtt_subscriber' build argument 'cmake_clean_cache' from command line to 'False'
[1.982s] Level 5:colcon.colcon_core.verb:set package 'mqtt_subscriber' build argument 'cmake_clean_first' from command line to 'False'
[1.982s] Level 5:colcon.colcon_core.verb:set package 'mqtt_subscriber' build argument 'cmake_force_configure' from command line to 'False'
[1.982s] Level 5:colcon.colcon_core.verb:set package 'mqtt_subscriber' build argument 'ament_cmake_args' from command line to 'None'
[1.983s] Level 5:colcon.colcon_core.verb:set package 'mqtt_subscriber' build argument 'catkin_cmake_args' from command line to 'None'
[1.983s] Level 5:colcon.colcon_core.verb:set package 'mqtt_subscriber' build argument 'catkin_skip_building_tests' from command line to 'False'
[1.983s] DEBUG:colcon.colcon_core.verb:Building package 'mqtt_subscriber' with the following arguments: {'ament_cmake_args': None, 'build_base': '/home/theo/Capstone_communication/build/mqtt_subscriber', 'catkin_cmake_args': None, 'catkin_skip_building_tests': False, 'cmake_args': None, 'cmake_clean_cache': False, 'cmake_clean_first': False, 'cmake_force_configure': False, 'cmake_target': None, 'cmake_target_skip_unavailable': False, 'install_base': '/home/theo/Capstone_communication/install/mqtt_subscriber', 'merge_install': False, 'path': '/home/theo/Capstone_communication/src/mqtt_subscriber', 'symlink_install': False, 'test_result_base': None}
[1.983s] INFO:colcon.colcon_core.executor:Executing jobs using 'parallel' executor
[1.987s] DEBUG:colcon.colcon_parallel_executor.executor.parallel:run_until_complete
[1.988s] INFO:colcon.colcon_ros.task.ament_python.build:Building ROS package in '/home/theo/Capstone_communication/src/mqtt_subscriber' with build type 'ament_python'
[1.989s] Level 1:colcon.colcon_core.shell:create_environment_hook('mqtt_subscriber', 'ament_prefix_path')
[2.004s] INFO:colcon.colcon_core.plugin_system:Skipping extension 'colcon_core.shell.bat': Not used on non-Windows systems
[2.005s] INFO:colcon.colcon_core.shell:Creating environment hook '/home/theo/Capstone_communication/install/mqtt_subscriber/share/mqtt_subscriber/hook/ament_prefix_path.ps1'
[2.009s] INFO:colcon.colcon_core.shell:Creating environment descriptor '/home/theo/Capstone_communication/install/mqtt_subscriber/share/mqtt_subscriber/hook/ament_prefix_path.dsv'
[2.014s] INFO:colcon.colcon_core.shell:Creating environment hook '/home/theo/Capstone_communication/install/mqtt_subscriber/share/mqtt_subscriber/hook/ament_prefix_path.sh'
[2.019s] INFO:colcon.colcon_core.shell:Skip shell extension 'powershell' for command environment: Not usable outside of PowerShell
[2.019s] DEBUG:colcon.colcon_core.shell:Skip shell extension 'dsv' for command environment
[3.212s] WARNING:colcon.colcon_ros.task.ament_python.build:Package 'mqtt_subscriber' doesn't explicitly install a marker in the package index (colcon-ros currently does it implicitly but that fallback will be removed in the future)
[3.213s] WARNING:colcon.colcon_ros.task.ament_python.build:Package 'mqtt_subscriber' doesn't explicitly install the 'package.xml' file (colcon-ros currently does it implicitly but that fallback will be removed in the future)
[3.214s] INFO:colcon.colcon_core.task.python.build:Building Python package in '/home/theo/Capstone_communication/src/mqtt_subscriber'
[3.215s] INFO:colcon.colcon_core.shell:Skip shell extension 'powershell' for command environment: Not usable outside of PowerShell
[3.216s] DEBUG:colcon.colcon_core.shell:Skip shell extension 'dsv' for command environment
[5.289s] DEBUG:colcon.colcon_core.event_handler.log_command:Invoking command in '/home/theo/Capstone_communication/src/mqtt_subscriber': PYTHONPATH=/home/theo/Capstone_communication/build/mqtt_subscriber/prefix_override:/home/theo/Capstone_communication/install/mqtt_subscriber/lib/python3.10/site-packages:${PYTHONPATH} /usr/bin/python3 -W ignore:setup.py install is deprecated setup.py egg_info --egg-base ../../build/mqtt_subscriber build --build-base /home/theo/Capstone_communication/build/mqtt_subscriber/build install --record /home/theo/Capstone_communication/build/mqtt_subscriber/install.log --single-version-externally-managed
[6.634s] DEBUG:colcon.colcon_core.event_handler.log_command:Invoked command in '/home/theo/Capstone_communication/src/mqtt_subscriber' returned '0': PYTHONPATH=/home/theo/Capstone_communication/build/mqtt_subscriber/prefix_override:/home/theo/Capstone_communication/install/mqtt_subscriber/lib/python3.10/site-packages:${PYTHONPATH} /usr/bin/python3 -W ignore:setup.py install is deprecated setup.py egg_info --egg-base ../../build/mqtt_subscriber build --build-base /home/theo/Capstone_communication/build/mqtt_subscriber/build install --record /home/theo/Capstone_communication/build/mqtt_subscriber/install.log --single-version-externally-managed
[6.654s] Level 1:colcon.colcon_core.environment:checking '/home/theo/Capstone_communication/install/mqtt_subscriber' for CMake module files
[6.657s] Level 1:colcon.colcon_core.environment:checking '/home/theo/Capstone_communication/install/mqtt_subscriber' for CMake config files
[6.662s] Level 1:colcon.colcon_core.environment:checking '/home/theo/Capstone_communication/install/mqtt_subscriber/lib'
[6.662s] Level 1:colcon.colcon_core.environment:checking '/home/theo/Capstone_communication/install/mqtt_subscriber/bin'
[6.663s] Level 1:colcon.colcon_core.environment:checking '/home/theo/Capstone_communication/install/mqtt_subscriber/lib/pkgconfig/mqtt_subscriber.pc'
[6.664s] Level 1:colcon.colcon_core.environment:checking '/home/theo/Capstone_communication/install/mqtt_subscriber/lib/python3.10/site-packages'
[6.664s] Level 1:colcon.colcon_core.shell:create_environment_hook('mqtt_subscriber', 'pythonpath')
[6.665s] INFO:colcon.colcon_core.shell:Creating environment hook '/home/theo/Capstone_communication/install/mqtt_subscriber/share/mqtt_subscriber/hook/pythonpath.ps1'
[6.667s] INFO:colcon.colcon_core.shell:Creating environment descriptor '/home/theo/Capstone_communication/install/mqtt_subscriber/share/mqtt_subscriber/hook/pythonpath.dsv'
[6.669s] INFO:colcon.colcon_core.shell:Creating environment hook '/home/theo/Capstone_communication/install/mqtt_subscriber/share/mqtt_subscriber/hook/pythonpath.sh'
[6.673s] Level 1:colcon.colcon_core.environment:checking '/home/theo/Capstone_communication/install/mqtt_subscriber/bin'
[6.673s] Level 1:colcon.colcon_core.environment:create_environment_scripts_only(mqtt_subscriber)
[6.674s] INFO:colcon.colcon_core.shell:Creating package script '/home/theo/Capstone_communication/install/mqtt_subscriber/share/mqtt_subscriber/package.ps1'
[6.679s] INFO:colcon.colcon_core.shell:Creating package descriptor '/home/theo/Capstone_communication/install/mqtt_subscriber/share/mqtt_subscriber/package.dsv'
[6.683s] INFO:colcon.colcon_core.shell:Creating package script '/home/theo/Capstone_communication/install/mqtt_subscriber/share/mqtt_subscriber/package.sh'
[6.688s] INFO:colcon.colcon_core.shell:Creating package script '/home/theo/Capstone_communication/install/mqtt_subscriber/share/mqtt_subscriber/package.bash'
[6.694s] INFO:colcon.colcon_core.shell:Creating package script '/home/theo/Capstone_communication/install/mqtt_subscriber/share/mqtt_subscriber/package.zsh'
[6.703s] Level 1:colcon.colcon_core.environment:create_file_with_runtime_dependencies(/home/theo/Capstone_communication/install/mqtt_subscriber/share/colcon-core/packages/mqtt_subscriber)
[6.705s] DEBUG:colcon.colcon_parallel_executor.executor.parallel:closing loop
[6.706s] DEBUG:colcon.colcon_parallel_executor.executor.parallel:loop closed
[6.707s] DEBUG:colcon.colcon_parallel_executor.executor.parallel:run_until_complete finished with '0'
[6.707s] DEBUG:colcon.colcon_core.event_reactor:joining thread
[6.735s] INFO:colcon.colcon_core.plugin_system:Skipping extension 'colcon_notification.desktop_notification.notify_send': Could not find 'notify-send'
[6.736s] INFO:colcon.colcon_core.plugin_system:Skipping extension 'colcon_notification.desktop_notification.terminal_notifier': Not used on non-Darwin systems
[6.736s] INFO:colcon.colcon_core.plugin_system:Skipping extension 'colcon_notification.desktop_notification.win32': Not used on non-Windows systems
[6.736s] INFO:colcon.colcon_notification.desktop_notification:Sending desktop notification using 'notify2'
[6.793s] DEBUG:colcon.colcon_notification.desktop_notification.notify2:Failed to initialize notify2: org.freedesktop.DBus.Error.ServiceUnknown: The name org.freedesktop.Notifications was not provided by any .service files
[6.793s] DEBUG:colcon.colcon_core.event_reactor:joined thread
[6.795s] INFO:colcon.colcon_core.shell:Creating prefix script '/home/theo/Capstone_communication/install/local_setup.ps1'
[6.800s] INFO:colcon.colcon_core.shell:Creating prefix util module '/home/theo/Capstone_communication/install/_local_setup_util_ps1.py'
[6.807s] INFO:colcon.colcon_core.shell:Creating prefix chain script '/home/theo/Capstone_communication/install/setup.ps1'
[6.813s] INFO:colcon.colcon_core.shell:Creating prefix script '/home/theo/Capstone_communication/install/local_setup.sh'
[6.817s] INFO:colcon.colcon_core.shell:Creating prefix util module '/home/theo/Capstone_communication/install/_local_setup_util_sh.py'
[6.819s] INFO:colcon.colcon_core.shell:Creating prefix chain script '/home/theo/Capstone_communication/install/setup.sh'
[6.825s] INFO:colcon.colcon_core.shell:Creating prefix script '/home/theo/Capstone_communication/install/local_setup.bash'
[6.829s] INFO:colcon.colcon_core.shell:Creating prefix chain script '/home/theo/Capstone_communication/install/setup.bash'
[6.836s] INFO:colcon.colcon_core.shell:Creating prefix script '/home/theo/Capstone_communication/install/local_setup.zsh'
[6.840s] INFO:colcon.colcon_core.shell:Creating prefix chain script '/home/theo/Capstone_communication/install/setup.zsh'
