[0.459s] DEBUG:colcon:Command line arguments: ['/usr/bin/colcon', 'build']
[0.460s] DEBUG:colcon:Parsed command line arguments: Namespace(log_base=None, log_level=None, verb_name='build', build_base='build', install_base='install', merge_install=False, symlink_install=False, test_result_base=None, continue_on_error=False, executor='parallel', parallel_workers=4, event_handlers=None, ignore_user_meta=False, metas=['./colcon.meta'], base_paths=['.'], packages_ignore=None, packages_ignore_regex=None, paths=None, packages_up_to=None, packages_up_to_regex=None, packages_above=None, packages_above_and_dependencies=None, packages_above_depth=None, packages_select_by_dep=None, packages_skip_by_dep=None, packages_skip_up_to=None, packages_select_build_failed=False, packages_skip_build_finished=False, packages_select_test_failures=False, packages_skip_test_passed=False, packages_select=None, packages_skip=None, packages_select_regex=None, packages_skip_regex=None, packages_start=None, packages_end=None, allow_overriding=[], cmake_args=None, cmake_target=None, cmake_target_skip_unavailable=False, cmake_clean_cache=False, cmake_clean_first=False, cmake_force_configure=False, ament_cmake_args=None, catkin_cmake_args=None, catkin_skip_building_tests=False, mixin_files=None, mixin=None, verb_parser=<colcon_mixin.mixin.mixin_argument.MixinArgumentDecorator object at 0xffffa3889f60>, verb_extension=<colcon_core.verb.build.BuildVerb object at 0xffffa39ca560>, main=<bound method BuildVerb.main of <colcon_core.verb.build.BuildVerb object at 0xffffa39ca560>>, mixin_verb=('build',))
[1.271s] Level 1:colcon.colcon_core.package_discovery:discover_packages(colcon_meta) check parameters
[1.271s] Level 1:colcon.colcon_core.package_discovery:discover_packages(recursive) check parameters
[1.271s] Level 1:colcon.colcon_core.package_discovery:discover_packages(ignore) check parameters
[1.272s] Level 1:colcon.colcon_core.package_discovery:discover_packages(path) check parameters
[1.272s] Level 1:colcon.colcon_core.package_discovery:discover_packages(colcon_meta) discover
[1.272s] Level 1:colcon.colcon_core.package_discovery:discover_packages(recursive) discover
[1.272s] INFO:colcon.colcon_core.package_discovery:Crawling recursively for packages in '/home/theo/Capstone_communication'
[1.273s] Level 1:colcon.colcon_core.package_identification:_identify(.) by extensions ['ignore', 'ignore_ament_install']
[1.273s] Level 1:colcon.colcon_core.package_identification:_identify(.) by extension 'ignore'
[1.273s] Level 1:colcon.colcon_core.package_identification:_identify(.) by extension 'ignore_ament_install'
[1.274s] Level 1:colcon.colcon_core.package_identification:_identify(.) by extensions ['colcon_pkg']
[1.274s] Level 1:colcon.colcon_core.package_identification:_identify(.) by extension 'colcon_pkg'
[1.274s] Level 1:colcon.colcon_core.package_identification:_identify(.) by extensions ['colcon_meta']
[1.274s] Level 1:colcon.colcon_core.package_identification:_identify(.) by extension 'colcon_meta'
[1.274s] Level 1:colcon.colcon_core.package_identification:_identify(.) by extensions ['ros']
[1.274s] Level 1:colcon.colcon_core.package_identification:_identify(.) by extension 'ros'
[1.320s] Level 1:colcon.colcon_core.package_identification:_identify(.) by extensions ['cmake', 'python']
[1.320s] Level 1:colcon.colcon_core.package_identification:_identify(.) by extension 'cmake'
[1.320s] Level 1:colcon.colcon_core.package_identification:_identify(.) by extension 'python'
[1.320s] Level 1:colcon.colcon_core.package_identification:_identify(.) by extensions ['python_setup_py']
[1.321s] Level 1:colcon.colcon_core.package_identification:_identify(.) by extension 'python_setup_py'
[1.321s] Level 1:colcon.colcon_core.package_identification:_identify(build) by extensions ['ignore', 'ignore_ament_install']
[1.322s] Level 1:colcon.colcon_core.package_identification:_identify(build) by extension 'ignore'
[1.322s] Level 1:colcon.colcon_core.package_identification:_identify(build) ignored
[1.322s] Level 1:colcon.colcon_core.package_identification:_identify(install) by extensions ['ignore', 'ignore_ament_install']
[1.323s] Level 1:colcon.colcon_core.package_identification:_identify(install) by extension 'ignore'
[1.323s] Level 1:colcon.colcon_core.package_identification:_identify(install) ignored
[1.324s] Level 1:colcon.colcon_core.package_identification:_identify(log) by extensions ['ignore', 'ignore_ament_install']
[1.324s] Level 1:colcon.colcon_core.package_identification:_identify(log) by extension 'ignore'
[1.324s] Level 1:colcon.colcon_core.package_identification:_identify(log) ignored
[1.325s] Level 1:colcon.colcon_core.package_identification:_identify(src) by extensions ['ignore', 'ignore_ament_install']
[1.325s] Level 1:colcon.colcon_core.package_identification:_identify(src) by extension 'ignore'
[1.325s] Level 1:colcon.colcon_core.package_identification:_identify(src) by extension 'ignore_ament_install'
[1.326s] Level 1:colcon.colcon_core.package_identification:_identify(src) by extensions ['colcon_pkg']
[1.326s] Level 1:colcon.colcon_core.package_identification:_identify(src) by extension 'colcon_pkg'
[1.326s] Level 1:colcon.colcon_core.package_identification:_identify(src) by extensions ['colcon_meta']
[1.326s] Level 1:colcon.colcon_core.package_identification:_identify(src) by extension 'colcon_meta'
[1.326s] Level 1:colcon.colcon_core.package_identification:_identify(src) by extensions ['ros']
[1.326s] Level 1:colcon.colcon_core.package_identification:_identify(src) by extension 'ros'
[1.327s] Level 1:colcon.colcon_core.package_identification:_identify(src) by extensions ['cmake', 'python']
[1.327s] Level 1:colcon.colcon_core.package_identification:_identify(src) by extension 'cmake'
[1.327s] Level 1:colcon.colcon_core.package_identification:_identify(src) by extension 'python'
[1.327s] Level 1:colcon.colcon_core.package_identification:_identify(src) by extensions ['python_setup_py']
[1.327s] Level 1:colcon.colcon_core.package_identification:_identify(src) by extension 'python_setup_py'
[1.328s] Level 1:colcon.colcon_core.package_identification:_identify(src/coordinate_publisher) by extensions ['ignore', 'ignore_ament_install']
[1.328s] Level 1:colcon.colcon_core.package_identification:_identify(src/coordinate_publisher) by extension 'ignore'
[1.328s] Level 1:colcon.colcon_core.package_identification:_identify(src/coordinate_publisher) by extension 'ignore_ament_install'
[1.329s] Level 1:colcon.colcon_core.package_identification:_identify(src/coordinate_publisher) by extensions ['colcon_pkg']
[1.329s] Level 1:colcon.colcon_core.package_identification:_identify(src/coordinate_publisher) by extension 'colcon_pkg'
[1.329s] Level 1:colcon.colcon_core.package_identification:_identify(src/coordinate_publisher) by extensions ['colcon_meta']
[1.329s] Level 1:colcon.colcon_core.package_identification:_identify(src/coordinate_publisher) by extension 'colcon_meta'
[1.329s] Level 1:colcon.colcon_core.package_identification:_identify(src/coordinate_publisher) by extensions ['ros']
[1.329s] Level 1:colcon.colcon_core.package_identification:_identify(src/coordinate_publisher) by extension 'ros'
[1.337s] DEBUG:colcon.colcon_core.package_identification:Package 'src/coordinate_publisher' with type 'ros.ament_python' and name 'coordinate_publisher'
[1.338s] Level 1:colcon.colcon_core.package_identification:_identify(src/mqtt_subscriber) by extensions ['ignore', 'ignore_ament_install']
[1.338s] Level 1:colcon.colcon_core.package_identification:_identify(src/mqtt_subscriber) by extension 'ignore'
[1.339s] Level 1:colcon.colcon_core.package_identification:_identify(src/mqtt_subscriber) by extension 'ignore_ament_install'
[1.339s] Level 1:colcon.colcon_core.package_identification:_identify(src/mqtt_subscriber) by extensions ['colcon_pkg']
[1.339s] Level 1:colcon.colcon_core.package_identification:_identify(src/mqtt_subscriber) by extension 'colcon_pkg'
[1.339s] Level 1:colcon.colcon_core.package_identification:_identify(src/mqtt_subscriber) by extensions ['colcon_meta']
[1.339s] Level 1:colcon.colcon_core.package_identification:_identify(src/mqtt_subscriber) by extension 'colcon_meta'
[1.340s] Level 1:colcon.colcon_core.package_identification:_identify(src/mqtt_subscriber) by extensions ['ros']
[1.340s] Level 1:colcon.colcon_core.package_identification:_identify(src/mqtt_subscriber) by extension 'ros'
[1.342s] DEBUG:colcon.colcon_core.package_identification:Package 'src/mqtt_subscriber' with type 'ros.ament_python' and name 'mqtt_subscriber'
[1.342s] Level 1:colcon.colcon_core.package_discovery:discover_packages(recursive) using defaults
[1.342s] Level 1:colcon.colcon_core.package_discovery:discover_packages(ignore) discover
[1.342s] Level 1:colcon.colcon_core.package_discovery:discover_packages(ignore) using defaults
[1.342s] Level 1:colcon.colcon_core.package_discovery:discover_packages(path) discover
[1.343s] Level 1:colcon.colcon_core.package_discovery:discover_packages(path) using defaults
[1.423s] Level 1:colcon.colcon_core.package_discovery:discover_packages(prefix_path) check parameters
[1.424s] Level 1:colcon.colcon_core.package_discovery:discover_packages(prefix_path) discover
[1.469s] DEBUG:colcon.colcon_installed_package_information.package_discovery:Found 3 installed packages in /home/theo/Capstone_communication/install
[1.471s] DEBUG:colcon.colcon_installed_package_information.package_discovery:Found 1 installed packages in /home/theo/install
[1.481s] DEBUG:colcon.colcon_installed_package_information.package_discovery:Found 270 installed packages in /opt/ros/humble
[1.487s] Level 1:colcon.colcon_core.package_discovery:discover_packages(prefix_path) using defaults
[1.647s] Level 5:colcon.colcon_core.verb:set package 'coordinate_publisher' build argument 'cmake_args' from command line to 'None'
[1.648s] Level 5:colcon.colcon_core.verb:set package 'coordinate_publisher' build argument 'cmake_target' from command line to 'None'
[1.648s] Level 5:colcon.colcon_core.verb:set package 'coordinate_publisher' build argument 'cmake_target_skip_unavailable' from command line to 'False'
[1.648s] Level 5:colcon.colcon_core.verb:set package 'coordinate_publisher' build argument 'cmake_clean_cache' from command line to 'False'
[1.648s] Level 5:colcon.colcon_core.verb:set package 'coordinate_publisher' build argument 'cmake_clean_first' from command line to 'False'
[1.648s] Level 5:colcon.colcon_core.verb:set package 'coordinate_publisher' build argument 'cmake_force_configure' from command line to 'False'
[1.648s] Level 5:colcon.colcon_core.verb:set package 'coordinate_publisher' build argument 'ament_cmake_args' from command line to 'None'
[1.648s] Level 5:colcon.colcon_core.verb:set package 'coordinate_publisher' build argument 'catkin_cmake_args' from command line to 'None'
[1.649s] Level 5:colcon.colcon_core.verb:set package 'coordinate_publisher' build argument 'catkin_skip_building_tests' from command line to 'False'
[1.649s] DEBUG:colcon.colcon_core.verb:Building package 'coordinate_publisher' with the following arguments: {'ament_cmake_args': None, 'build_base': '/home/theo/Capstone_communication/build/coordinate_publisher', 'catkin_cmake_args': None, 'catkin_skip_building_tests': False, 'cmake_args': None, 'cmake_clean_cache': False, 'cmake_clean_first': False, 'cmake_force_configure': False, 'cmake_target': None, 'cmake_target_skip_unavailable': False, 'install_base': '/home/theo/Capstone_communication/install/coordinate_publisher', 'merge_install': False, 'path': '/home/theo/Capstone_communication/src/coordinate_publisher', 'symlink_install': False, 'test_result_base': None}
[1.650s] Level 5:colcon.colcon_core.verb:set package 'mqtt_subscriber' build argument 'cmake_args' from command line to 'None'
[1.650s] Level 5:colcon.colcon_core.verb:set package 'mqtt_subscriber' build argument 'cmake_target' from command line to 'None'
[1.651s] Level 5:colcon.colcon_core.verb:set package 'mqtt_subscriber' build argument 'cmake_target_skip_unavailable' from command line to 'False'
[1.651s] Level 5:colcon.colcon_core.verb:set package 'mqtt_subscriber' build argument 'cmake_clean_cache' from command line to 'False'
[1.651s] Level 5:colcon.colcon_core.verb:set package 'mqtt_subscriber' build argument 'cmake_clean_first' from command line to 'False'
[1.651s] Level 5:colcon.colcon_core.verb:set package 'mqtt_subscriber' build argument 'cmake_force_configure' from command line to 'False'
[1.651s] Level 5:colcon.colcon_core.verb:set package 'mqtt_subscriber' build argument 'ament_cmake_args' from command line to 'None'
[1.651s] Level 5:colcon.colcon_core.verb:set package 'mqtt_subscriber' build argument 'catkin_cmake_args' from command line to 'None'
[1.651s] Level 5:colcon.colcon_core.verb:set package 'mqtt_subscriber' build argument 'catkin_skip_building_tests' from command line to 'False'
[1.651s] DEBUG:colcon.colcon_core.verb:Building package 'mqtt_subscriber' with the following arguments: {'ament_cmake_args': None, 'build_base': '/home/theo/Capstone_communication/build/mqtt_subscriber', 'catkin_cmake_args': None, 'catkin_skip_building_tests': False, 'cmake_args': None, 'cmake_clean_cache': False, 'cmake_clean_first': False, 'cmake_force_configure': False, 'cmake_target': None, 'cmake_target_skip_unavailable': False, 'install_base': '/home/theo/Capstone_communication/install/mqtt_subscriber', 'merge_install': False, 'path': '/home/theo/Capstone_communication/src/mqtt_subscriber', 'symlink_install': False, 'test_result_base': None}
[1.652s] INFO:colcon.colcon_core.executor:Executing jobs using 'parallel' executor
[1.655s] DEBUG:colcon.colcon_parallel_executor.executor.parallel:run_until_complete
[1.656s] INFO:colcon.colcon_ros.task.ament_python.build:Building ROS package in '/home/theo/Capstone_communication/src/coordinate_publisher' with build type 'ament_python'
[1.657s] Level 1:colcon.colcon_core.shell:create_environment_hook('coordinate_publisher', 'ament_prefix_path')
[1.666s] INFO:colcon.colcon_core.plugin_system:Skipping extension 'colcon_core.shell.bat': Not used on non-Windows systems
[1.667s] INFO:colcon.colcon_core.shell:Creating environment hook '/home/theo/Capstone_communication/install/coordinate_publisher/share/coordinate_publisher/hook/ament_prefix_path.ps1'
[1.670s] INFO:colcon.colcon_core.shell:Creating environment descriptor '/home/theo/Capstone_communication/install/coordinate_publisher/share/coordinate_publisher/hook/ament_prefix_path.dsv'
[1.672s] INFO:colcon.colcon_core.shell:Creating environment hook '/home/theo/Capstone_communication/install/coordinate_publisher/share/coordinate_publisher/hook/ament_prefix_path.sh'
[1.676s] INFO:colcon.colcon_core.shell:Skip shell extension 'powershell' for command environment: Not usable outside of PowerShell
[1.676s] DEBUG:colcon.colcon_core.shell:Skip shell extension 'dsv' for command environment
[1.695s] INFO:colcon.colcon_ros.task.ament_python.build:Building ROS package in '/home/theo/Capstone_communication/src/mqtt_subscriber' with build type 'ament_python'
[1.696s] Level 1:colcon.colcon_core.shell:create_environment_hook('mqtt_subscriber', 'ament_prefix_path')
[1.697s] INFO:colcon.colcon_core.shell:Creating environment hook '/home/theo/Capstone_communication/install/mqtt_subscriber/share/mqtt_subscriber/hook/ament_prefix_path.ps1'
[1.700s] INFO:colcon.colcon_core.shell:Creating environment descriptor '/home/theo/Capstone_communication/install/mqtt_subscriber/share/mqtt_subscriber/hook/ament_prefix_path.dsv'
[1.702s] INFO:colcon.colcon_core.shell:Creating environment hook '/home/theo/Capstone_communication/install/mqtt_subscriber/share/mqtt_subscriber/hook/ament_prefix_path.sh'
[1.705s] INFO:colcon.colcon_core.shell:Skip shell extension 'powershell' for command environment: Not usable outside of PowerShell
[1.705s] DEBUG:colcon.colcon_core.shell:Skip shell extension 'dsv' for command environment
[2.907s] INFO:colcon.colcon_core.task.python.build:Building Python package in '/home/theo/Capstone_communication/src/coordinate_publisher'
[2.908s] INFO:colcon.colcon_core.shell:Skip shell extension 'powershell' for command environment: Not usable outside of PowerShell
[2.908s] DEBUG:colcon.colcon_core.shell:Skip shell extension 'dsv' for command environment
[4.132s] WARNING:colcon.colcon_ros.task.ament_python.build:Package 'mqtt_subscriber' doesn't explicitly install a marker in the package index (colcon-ros currently does it implicitly but that fallback will be removed in the future)
[4.133s] WARNING:colcon.colcon_ros.task.ament_python.build:Package 'mqtt_subscriber' doesn't explicitly install the 'package.xml' file (colcon-ros currently does it implicitly but that fallback will be removed in the future)
[4.134s] INFO:colcon.colcon_core.task.python.build:Building Python package in '/home/theo/Capstone_communication/src/mqtt_subscriber'
[4.135s] INFO:colcon.colcon_core.shell:Skip shell extension 'powershell' for command environment: Not usable outside of PowerShell
[4.135s] DEBUG:colcon.colcon_core.shell:Skip shell extension 'dsv' for command environment
[6.048s] DEBUG:colcon.colcon_core.event_handler.log_command:Invoking command in '/home/theo/Capstone_communication/src/mqtt_subscriber': PYTHONPATH=/home/theo/Capstone_communication/build/mqtt_subscriber/prefix_override:/home/theo/Capstone_communication/install/mqtt_subscriber/lib/python3.10/site-packages:${PYTHONPATH} /usr/bin/python3 -W ignore:setup.py install is deprecated setup.py egg_info --egg-base ../../build/mqtt_subscriber build --build-base /home/theo/Capstone_communication/build/mqtt_subscriber/build install --record /home/theo/Capstone_communication/build/mqtt_subscriber/install.log --single-version-externally-managed
[6.067s] DEBUG:colcon.colcon_core.event_handler.log_command:Invoking command in '/home/theo/Capstone_communication/src/coordinate_publisher': PYTHONPATH=/home/theo/Capstone_communication/build/coordinate_publisher/prefix_override:/home/theo/Capstone_communication/install/coordinate_publisher/lib/python3.10/site-packages:${PYTHONPATH} /usr/bin/python3 -W ignore:setup.py install is deprecated setup.py egg_info --egg-base ../../build/coordinate_publisher build --build-base /home/theo/Capstone_communication/build/coordinate_publisher/build install --record /home/theo/Capstone_communication/build/coordinate_publisher/install.log --single-version-externally-managed install_data
[7.595s] DEBUG:colcon.colcon_core.event_handler.log_command:Invoked command in '/home/theo/Capstone_communication/src/mqtt_subscriber' returned '0': PYTHONPATH=/home/theo/Capstone_communication/build/mqtt_subscriber/prefix_override:/home/theo/Capstone_communication/install/mqtt_subscriber/lib/python3.10/site-packages:${PYTHONPATH} /usr/bin/python3 -W ignore:setup.py install is deprecated setup.py egg_info --egg-base ../../build/mqtt_subscriber build --build-base /home/theo/Capstone_communication/build/mqtt_subscriber/build install --record /home/theo/Capstone_communication/build/mqtt_subscriber/install.log --single-version-externally-managed
[7.614s] Level 1:colcon.colcon_core.environment:checking '/home/theo/Capstone_communication/install/mqtt_subscriber' for CMake module files
[7.619s] Level 1:colcon.colcon_core.environment:checking '/home/theo/Capstone_communication/install/mqtt_subscriber' for CMake config files
[7.625s] Level 1:colcon.colcon_core.environment:checking '/home/theo/Capstone_communication/install/mqtt_subscriber/lib'
[7.626s] Level 1:colcon.colcon_core.environment:checking '/home/theo/Capstone_communication/install/mqtt_subscriber/bin'
[7.627s] Level 1:colcon.colcon_core.environment:checking '/home/theo/Capstone_communication/install/mqtt_subscriber/lib/pkgconfig/mqtt_subscriber.pc'
[7.629s] Level 1:colcon.colcon_core.environment:checking '/home/theo/Capstone_communication/install/mqtt_subscriber/lib/python3.10/site-packages'
[7.629s] Level 1:colcon.colcon_core.shell:create_environment_hook('mqtt_subscriber', 'pythonpath')
[7.630s] INFO:colcon.colcon_core.shell:Creating environment hook '/home/theo/Capstone_communication/install/mqtt_subscriber/share/mqtt_subscriber/hook/pythonpath.ps1'
[7.633s] INFO:colcon.colcon_core.shell:Creating environment descriptor '/home/theo/Capstone_communication/install/mqtt_subscriber/share/mqtt_subscriber/hook/pythonpath.dsv'
[7.635s] INFO:colcon.colcon_core.shell:Creating environment hook '/home/theo/Capstone_communication/install/mqtt_subscriber/share/mqtt_subscriber/hook/pythonpath.sh'
[7.638s] Level 1:colcon.colcon_core.environment:checking '/home/theo/Capstone_communication/install/mqtt_subscriber/bin'
[7.638s] Level 1:colcon.colcon_core.environment:create_environment_scripts_only(mqtt_subscriber)
[7.640s] INFO:colcon.colcon_core.shell:Creating package script '/home/theo/Capstone_communication/install/mqtt_subscriber/share/mqtt_subscriber/package.ps1'
[7.643s] INFO:colcon.colcon_core.shell:Creating package descriptor '/home/theo/Capstone_communication/install/mqtt_subscriber/share/mqtt_subscriber/package.dsv'
[7.646s] INFO:colcon.colcon_core.shell:Creating package script '/home/theo/Capstone_communication/install/mqtt_subscriber/share/mqtt_subscriber/package.sh'
[7.650s] INFO:colcon.colcon_core.shell:Creating package script '/home/theo/Capstone_communication/install/mqtt_subscriber/share/mqtt_subscriber/package.bash'
[7.653s] INFO:colcon.colcon_core.shell:Creating package script '/home/theo/Capstone_communication/install/mqtt_subscriber/share/mqtt_subscriber/package.zsh'
[7.656s] Level 1:colcon.colcon_core.environment:create_file_with_runtime_dependencies(/home/theo/Capstone_communication/install/mqtt_subscriber/share/colcon-core/packages/mqtt_subscriber)
[7.660s] Level 1:colcon.colcon_core.environment:checking '/home/theo/Capstone_communication/install/coordinate_publisher' for CMake module files
[7.663s] DEBUG:colcon.colcon_core.event_handler.log_command:Invoked command in '/home/theo/Capstone_communication/src/coordinate_publisher' returned '0': PYTHONPATH=/home/theo/Capstone_communication/build/coordinate_publisher/prefix_override:/home/theo/Capstone_communication/install/coordinate_publisher/lib/python3.10/site-packages:${PYTHONPATH} /usr/bin/python3 -W ignore:setup.py install is deprecated setup.py egg_info --egg-base ../../build/coordinate_publisher build --build-base /home/theo/Capstone_communication/build/coordinate_publisher/build install --record /home/theo/Capstone_communication/build/coordinate_publisher/install.log --single-version-externally-managed install_data
[7.664s] Level 1:colcon.colcon_core.environment:checking '/home/theo/Capstone_communication/install/coordinate_publisher' for CMake config files
[7.667s] Level 1:colcon.colcon_core.environment:checking '/home/theo/Capstone_communication/install/coordinate_publisher/lib'
[7.668s] Level 1:colcon.colcon_core.environment:checking '/home/theo/Capstone_communication/install/coordinate_publisher/bin'
[7.668s] Level 1:colcon.colcon_core.environment:checking '/home/theo/Capstone_communication/install/coordinate_publisher/lib/pkgconfig/coordinate_publisher.pc'
[7.669s] Level 1:colcon.colcon_core.environment:checking '/home/theo/Capstone_communication/install/coordinate_publisher/lib/python3.10/site-packages'
[7.669s] Level 1:colcon.colcon_core.shell:create_environment_hook('coordinate_publisher', 'pythonpath')
[7.670s] INFO:colcon.colcon_core.shell:Creating environment hook '/home/theo/Capstone_communication/install/coordinate_publisher/share/coordinate_publisher/hook/pythonpath.ps1'
[7.672s] INFO:colcon.colcon_core.shell:Creating environment descriptor '/home/theo/Capstone_communication/install/coordinate_publisher/share/coordinate_publisher/hook/pythonpath.dsv'
[7.674s] INFO:colcon.colcon_core.shell:Creating environment hook '/home/theo/Capstone_communication/install/coordinate_publisher/share/coordinate_publisher/hook/pythonpath.sh'
[7.677s] Level 1:colcon.colcon_core.environment:checking '/home/theo/Capstone_communication/install/coordinate_publisher/bin'
[7.677s] Level 1:colcon.colcon_core.environment:create_environment_scripts_only(coordinate_publisher)
[7.679s] INFO:colcon.colcon_core.shell:Creating package script '/home/theo/Capstone_communication/install/coordinate_publisher/share/coordinate_publisher/package.ps1'
[7.681s] INFO:colcon.colcon_core.shell:Creating package descriptor '/home/theo/Capstone_communication/install/coordinate_publisher/share/coordinate_publisher/package.dsv'
[7.683s] INFO:colcon.colcon_core.shell:Creating package script '/home/theo/Capstone_communication/install/coordinate_publisher/share/coordinate_publisher/package.sh'
[7.685s] INFO:colcon.colcon_core.shell:Creating package script '/home/theo/Capstone_communication/install/coordinate_publisher/share/coordinate_publisher/package.bash'
[7.687s] INFO:colcon.colcon_core.shell:Creating package script '/home/theo/Capstone_communication/install/coordinate_publisher/share/coordinate_publisher/package.zsh'
[7.688s] Level 1:colcon.colcon_core.environment:create_file_with_runtime_dependencies(/home/theo/Capstone_communication/install/coordinate_publisher/share/colcon-core/packages/coordinate_publisher)
[7.690s] DEBUG:colcon.colcon_parallel_executor.executor.parallel:closing loop
[7.691s] DEBUG:colcon.colcon_parallel_executor.executor.parallel:loop closed
[7.692s] DEBUG:colcon.colcon_parallel_executor.executor.parallel:run_until_complete finished with '0'
[7.692s] DEBUG:colcon.colcon_core.event_reactor:joining thread
[7.712s] INFO:colcon.colcon_core.plugin_system:Skipping extension 'colcon_notification.desktop_notification.notify_send': Could not find 'notify-send'
[7.713s] INFO:colcon.colcon_core.plugin_system:Skipping extension 'colcon_notification.desktop_notification.terminal_notifier': Not used on non-Darwin systems
[7.713s] INFO:colcon.colcon_core.plugin_system:Skipping extension 'colcon_notification.desktop_notification.win32': Not used on non-Windows systems
[7.713s] INFO:colcon.colcon_notification.desktop_notification:Sending desktop notification using 'notify2'
[7.716s] DEBUG:colcon.colcon_notification.desktop_notification.notify2:Failed to initialize notify2: org.freedesktop.DBus.Error.ServiceUnknown: The name org.freedesktop.Notifications was not provided by any .service files
[7.716s] DEBUG:colcon.colcon_core.event_reactor:joined thread
[7.717s] INFO:colcon.colcon_core.shell:Creating prefix script '/home/theo/Capstone_communication/install/local_setup.ps1'
[7.721s] INFO:colcon.colcon_core.shell:Creating prefix util module '/home/theo/Capstone_communication/install/_local_setup_util_ps1.py'
[7.726s] INFO:colcon.colcon_core.shell:Creating prefix chain script '/home/theo/Capstone_communication/install/setup.ps1'
[7.732s] INFO:colcon.colcon_core.shell:Creating prefix script '/home/theo/Capstone_communication/install/local_setup.sh'
[7.735s] INFO:colcon.colcon_core.shell:Creating prefix util module '/home/theo/Capstone_communication/install/_local_setup_util_sh.py'
[7.738s] INFO:colcon.colcon_core.shell:Creating prefix chain script '/home/theo/Capstone_communication/install/setup.sh'
[7.743s] INFO:colcon.colcon_core.shell:Creating prefix script '/home/theo/Capstone_communication/install/local_setup.bash'
[7.745s] INFO:colcon.colcon_core.shell:Creating prefix chain script '/home/theo/Capstone_communication/install/setup.bash'
[7.750s] INFO:colcon.colcon_core.shell:Creating prefix script '/home/theo/Capstone_communication/install/local_setup.zsh'
[7.753s] INFO:colcon.colcon_core.shell:Creating prefix chain script '/home/theo/Capstone_communication/install/setup.zsh'
