[0.764s] Invoking command in '/home/theo/ros2_ws/build/mavros_launch': PYTHONPATH=/home/theo/ros2_ws/build/mavros_launch/prefix_override:/home/theo/ros2_ws/install/mavros_launch/lib/python3.10/site-packages:${PYTHONPATH} /usr/bin/python3 -W ignore:setup.py install is deprecated setup.py develop --editable --build-directory /home/theo/ros2_ws/build/mavros_launch/build --no-deps symlink_data
[1.049s] running develop
[1.049s] /home/theo/.local/lib/python3.10/site-packages/setuptools/command/develop.py:40: EasyInstallDeprecationWarning: easy_install command is deprecated.
[1.049s] !!
[1.050s] 
[1.050s]         ********************************************************************************
[1.050s]         Please avoid running ``setup.py`` and ``easy_install``.
[1.050s]         Instead, use pypa/build, pypa/installer or other
[1.050s]         standards-based tools.
[1.050s] 
[1.050s]         See https://github.com/pypa/setuptools/issues/917 for details.
[1.050s]         ********************************************************************************
[1.050s] 
[1.050s] !!
[1.050s]   easy_install.initialize_options(self)
[1.246s] running egg_info
[1.246s] creating mavros_launch.egg-info
[1.260s] writing mavros_launch.egg-info/PKG-INFO
[1.260s] writing dependency_links to mavros_launch.egg-info/dependency_links.txt
[1.260s] writing requirements to mavros_launch.egg-info/requires.txt
[1.261s] writing top-level names to mavros_launch.egg-info/top_level.txt
[1.261s] writing manifest file 'mavros_launch.egg-info/SOURCES.txt'
[1.290s] reading manifest file 'mavros_launch.egg-info/SOURCES.txt'
[1.290s] writing manifest file 'mavros_launch.egg-info/SOURCES.txt'
[1.305s] running build_ext
[1.305s] Creating /home/theo/ros2_ws/install/mavros_launch/lib/python3.10/site-packages/mavros-launch.egg-link (link to .)
[1.306s] 
[1.306s] Installed /home/theo/ros2_ws/build/mavros_launch
[1.306s] running symlink_data
[1.306s] creating /home/theo/ros2_ws/install/mavros_launch/share/ament_index
[1.306s] creating /home/theo/ros2_ws/install/mavros_launch/share/ament_index/resource_index
[1.306s] creating /home/theo/ros2_ws/install/mavros_launch/share/ament_index/resource_index/packages
[1.306s] symbolically linking /home/theo/ros2_ws/build/mavros_launch/resource/mavros_launch -> /home/theo/ros2_ws/install/mavros_launch/share/ament_index/resource_index/packages
[1.306s] symbolically linking /home/theo/ros2_ws/build/mavros_launch/package.xml -> /home/theo/ros2_ws/install/mavros_launch/share/mavros_launch
[1.327s] Invoked command in '/home/theo/ros2_ws/build/mavros_launch' returned '0': PYTHONPATH=/home/theo/ros2_ws/build/mavros_launch/prefix_override:/home/theo/ros2_ws/install/mavros_launch/lib/python3.10/site-packages:${PYTHONPATH} /usr/bin/python3 -W ignore:setup.py install is deprecated setup.py develop --editable --build-directory /home/theo/ros2_ws/build/mavros_launch/build --no-deps symlink_data
